[19-Feb-2016 00:12:41 UTC] index loaded
[19-Feb-2016 00:13:13 UTC] index loaded
[19-Feb-2016 00:13:13 UTC] POST
[19-Feb-2016 00:14:06 UTC] index loaded
[19-Feb-2016 00:14:32 UTC] index loaded
[19-Feb-2016 00:14:56 UTC] index loaded
[19-Feb-2016 00:14:56 UTC] get
[19-Feb-2016 00:15:06 UTC] index loaded
[19-Feb-2016 00:15:06 UTC] POST
[19-Feb-2016 00:15:06 UTC] register
[19-Feb-2016 00:15:06 UTC] register valid
[19-Feb-2016 00:15:06 UTC] index loaded
[19-Feb-2016 00:15:06 UTC] get
[19-Feb-2016 00:15:20 UTC] index loaded
[19-Feb-2016 00:15:20 UTC] get
[19-Feb-2016 00:15:21 UTC] index loaded
[19-Feb-2016 00:15:21 UTC] get
[19-Feb-2016 00:15:22 UTC] index loaded
[19-Feb-2016 00:15:22 UTC] POST
[19-Feb-2016 00:15:22 UTC] index loaded
[19-Feb-2016 00:15:22 UTC] get
[19-Feb-2016 00:15:23 UTC] index loaded
[19-Feb-2016 00:15:23 UTC] get
[19-Feb-2016 00:15:23 UTC] index loaded
[19-Feb-2016 00:15:23 UTC] get
[19-Feb-2016 00:15:23 UTC] index loaded
[19-Feb-2016 00:15:23 UTC] POST
[19-Feb-2016 00:15:23 UTC] register
[19-Feb-2016 00:15:23 UTC] register valid
[19-Feb-2016 00:15:23 UTC] index loaded
[19-Feb-2016 00:15:23 UTC] get
[19-Feb-2016 00:15:24 UTC] index loaded
[19-Feb-2016 00:15:24 UTC] get
[19-Feb-2016 00:15:24 UTC] index loaded
[19-Feb-2016 00:15:24 UTC] get
[19-Feb-2016 00:15:25 UTC] index loaded
[19-Feb-2016 00:15:25 UTC] get
[19-Feb-2016 00:15:25 UTC] index loaded
[19-Feb-2016 00:15:25 UTC] get
[19-Feb-2016 00:15:25 UTC] index loaded
[19-Feb-2016 00:15:25 UTC] POST
[19-Feb-2016 00:15:25 UTC] register
[19-Feb-2016 00:15:26 UTC] index loaded
[19-Feb-2016 00:15:26 UTC] get
[19-Feb-2016 00:15:26 UTC] index loaded
[19-Feb-2016 00:15:26 UTC] get
[19-Feb-2016 00:15:27 UTC] index loaded
[19-Feb-2016 00:15:27 UTC] get
[19-Feb-2016 00:15:27 UTC] index loaded
[19-Feb-2016 00:15:27 UTC] get
[19-Feb-2016 00:15:28 UTC] index loaded
[19-Feb-2016 00:15:28 UTC] POST
[19-Feb-2016 00:15:28 UTC] register
[19-Feb-2016 00:15:28 UTC] register valid
[19-Feb-2016 00:15:28 UTC] index loaded
[19-Feb-2016 00:15:28 UTC] get
[19-Feb-2016 00:15:28 UTC] index loaded
[19-Feb-2016 00:15:28 UTC] get
[19-Feb-2016 00:15:28 UTC] index loaded
[19-Feb-2016 00:15:28 UTC] get
[19-Feb-2016 00:15:29 UTC] index loaded
[19-Feb-2016 00:15:29 UTC] POST
[19-Feb-2016 00:15:29 UTC] register
[19-Feb-2016 00:15:29 UTC] register valid
[19-Feb-2016 00:15:29 UTC] index loaded
[19-Feb-2016 00:15:29 UTC] get
[19-Feb-2016 00:15:29 UTC] index loaded
[19-Feb-2016 00:15:29 UTC] get
[19-Feb-2016 00:15:30 UTC] index loaded
[19-Feb-2016 00:15:30 UTC] get
[19-Feb-2016 00:15:30 UTC] index loaded
[19-Feb-2016 00:15:30 UTC] POST
[19-Feb-2016 00:15:30 UTC] register
[19-Feb-2016 00:15:31 UTC] index loaded
[19-Feb-2016 00:15:31 UTC] get
[19-Feb-2016 00:15:31 UTC] index loaded
[19-Feb-2016 00:15:31 UTC] POST
[19-Feb-2016 00:15:32 UTC] index loaded
[19-Feb-2016 00:15:32 UTC] get
[19-Feb-2016 00:15:33 UTC] index loaded
[19-Feb-2016 00:15:33 UTC] get
[19-Feb-2016 00:15:33 UTC] index loaded
[19-Feb-2016 00:15:33 UTC] get
[19-Feb-2016 00:15:33 UTC] index loaded
[19-Feb-2016 00:15:33 UTC] get
[19-Feb-2016 00:15:34 UTC] index loaded
[19-Feb-2016 00:15:34 UTC] get
[19-Feb-2016 00:15:34 UTC] index loaded
[19-Feb-2016 00:15:34 UTC] POST
[19-Feb-2016 00:15:34 UTC] index loaded
[19-Feb-2016 00:15:34 UTC] get
[19-Feb-2016 00:15:35 UTC] index loaded
[19-Feb-2016 00:15:35 UTC] get
[19-Feb-2016 00:15:35 UTC] index loaded
[19-Feb-2016 00:15:35 UTC] get
[19-Feb-2016 00:15:35 UTC] index loaded
[19-Feb-2016 00:15:35 UTC] get
[19-Feb-2016 00:15:36 UTC] index loaded
[19-Feb-2016 00:15:36 UTC] get
[19-Feb-2016 00:15:36 UTC] index loaded
[19-Feb-2016 00:15:36 UTC] get
[19-Feb-2016 00:15:36 UTC] index loaded
[19-Feb-2016 00:15:36 UTC] get
[19-Feb-2016 00:15:37 UTC] index loaded
[19-Feb-2016 00:15:37 UTC] get
[19-Feb-2016 00:15:37 UTC] index loaded
[19-Feb-2016 00:15:37 UTC] get
[19-Feb-2016 00:15:38 UTC] index loaded
[19-Feb-2016 00:15:38 UTC] get
[19-Feb-2016 00:16:02 UTC] index loaded
[19-Feb-2016 00:16:02 UTC] get
[19-Feb-2016 00:16:13 UTC] index loaded
[19-Feb-2016 00:16:13 UTC] get
[19-Feb-2016 00:16:13 UTC] index loaded
[19-Feb-2016 00:16:13 UTC] POST
[19-Feb-2016 00:16:14 UTC] index loaded
[19-Feb-2016 00:16:14 UTC] get
[19-Feb-2016 00:16:19 UTC] index loaded
[19-Feb-2016 00:16:19 UTC] get
[19-Feb-2016 00:16:19 UTC] index loaded
[19-Feb-2016 00:16:19 UTC] get
[19-Feb-2016 00:16:20 UTC] index loaded
[19-Feb-2016 00:16:20 UTC] POST
[19-Feb-2016 00:16:20 UTC] register
[19-Feb-2016 00:16:20 UTC] register valid
[19-Feb-2016 00:16:20 UTC] index loaded
[19-Feb-2016 00:16:20 UTC] get
[19-Feb-2016 00:16:21 UTC] index loaded
[19-Feb-2016 00:16:21 UTC] get
[19-Feb-2016 00:16:21 UTC] index loaded
[19-Feb-2016 00:16:21 UTC] get
[19-Feb-2016 00:16:23 UTC] index loaded
[19-Feb-2016 00:16:23 UTC] get
[19-Feb-2016 00:16:23 UTC] index loaded
[19-Feb-2016 00:16:23 UTC] get
[19-Feb-2016 00:16:40 UTC] index loaded
[19-Feb-2016 00:16:40 UTC] POST
[19-Feb-2016 00:16:40 UTC] register
[19-Feb-2016 00:16:40 UTC] index loaded
[19-Feb-2016 00:16:40 UTC] get
[19-Feb-2016 00:16:41 UTC] index loaded
[19-Feb-2016 00:16:41 UTC] get
[19-Feb-2016 00:16:42 UTC] index loaded
[19-Feb-2016 00:16:42 UTC] get
[19-Feb-2016 00:16:43 UTC] index loaded
[19-Feb-2016 00:16:43 UTC] get
[19-Feb-2016 00:16:44 UTC] index loaded
[19-Feb-2016 00:16:44 UTC] POST
[19-Feb-2016 00:16:44 UTC] register
[19-Feb-2016 00:16:44 UTC] register valid
[19-Feb-2016 00:16:44 UTC] index loaded
[19-Feb-2016 00:16:44 UTC] get
[19-Feb-2016 00:16:45 UTC] index loaded
[19-Feb-2016 00:16:45 UTC] get
[19-Feb-2016 00:16:45 UTC] index loaded
[19-Feb-2016 00:16:45 UTC] get
[19-Feb-2016 00:17:35 UTC] index loaded
[19-Feb-2016 00:17:35 UTC] POST
[19-Feb-2016 00:17:35 UTC] register
[19-Feb-2016 00:17:35 UTC] register valid
[19-Feb-2016 00:17:35 UTC] index loaded
[19-Feb-2016 00:17:35 UTC] get
[19-Feb-2016 00:17:36 UTC] index loaded
[19-Feb-2016 00:17:36 UTC] get
[19-Feb-2016 00:17:36 UTC] index loaded
[19-Feb-2016 00:17:36 UTC] get
[19-Feb-2016 00:18:24 UTC] index loaded
[19-Feb-2016 00:18:24 UTC] get
[19-Feb-2016 00:18:28 UTC] index loaded
[19-Feb-2016 00:18:28 UTC] get
[19-Feb-2016 00:18:28 UTC] index loaded
[19-Feb-2016 00:18:28 UTC] POST
[19-Feb-2016 00:18:29 UTC] index loaded
[19-Feb-2016 00:18:29 UTC] get
[19-Feb-2016 00:18:38 UTC] index loaded
[19-Feb-2016 00:18:38 UTC] get
[19-Feb-2016 00:18:39 UTC] index loaded
[19-Feb-2016 00:18:39 UTC] get
[19-Feb-2016 00:18:43 UTC] index loaded
[19-Feb-2016 00:18:43 UTC] POST
[19-Feb-2016 00:18:43 UTC] register
[19-Feb-2016 00:18:43 UTC] register valid
[19-Feb-2016 00:18:43 UTC] index loaded
[19-Feb-2016 00:18:43 UTC] get
[19-Feb-2016 00:18:43 UTC] index loaded
[19-Feb-2016 00:18:44 UTC] get
[19-Feb-2016 00:18:44 UTC] index loaded
[19-Feb-2016 00:18:44 UTC] get
[19-Feb-2016 00:20:37 UTC] index loaded
[19-Feb-2016 00:20:37 UTC] get
[19-Feb-2016 00:20:39 UTC] index loaded
[19-Feb-2016 00:20:39 UTC] get
[19-Feb-2016 00:20:59 UTC] index loaded
[19-Feb-2016 00:20:59 UTC] get
[19-Feb-2016 00:21:02 UTC] index loaded
[19-Feb-2016 00:21:02 UTC] get
[19-Feb-2016 00:21:02 UTC] index loaded
[19-Feb-2016 00:21:02 UTC] POST
[19-Feb-2016 00:21:02 UTC] index loaded
[19-Feb-2016 00:21:02 UTC] get
[19-Feb-2016 00:21:05 UTC] index loaded
[19-Feb-2016 00:21:05 UTC] POST
[19-Feb-2016 00:21:05 UTC] register
[19-Feb-2016 00:21:05 UTC] register valid
[19-Feb-2016 00:21:05 UTC] index loaded
[19-Feb-2016 00:21:05 UTC] get
[19-Feb-2016 00:21:05 UTC] index loaded
[19-Feb-2016 00:21:05 UTC] get
[19-Feb-2016 00:21:06 UTC] index loaded
[19-Feb-2016 00:21:06 UTC] get
[19-Feb-2016 00:21:08 UTC] index loaded
[19-Feb-2016 00:21:08 UTC] POST
[19-Feb-2016 00:21:08 UTC] register
[19-Feb-2016 00:21:08 UTC] register valid
[19-Feb-2016 00:21:08 UTC] index loaded
[19-Feb-2016 00:21:08 UTC] get
[19-Feb-2016 00:21:09 UTC] index loaded
[19-Feb-2016 00:21:09 UTC] get
[19-Feb-2016 00:21:09 UTC] index loaded
[19-Feb-2016 00:21:09 UTC] get
[19-Feb-2016 00:21:11 UTC] index loaded
[19-Feb-2016 00:21:11 UTC] POST
[19-Feb-2016 00:21:11 UTC] register
[19-Feb-2016 00:21:11 UTC] index loaded
[19-Feb-2016 00:21:11 UTC] get
[19-Feb-2016 00:21:12 UTC] index loaded
[19-Feb-2016 00:21:12 UTC] get
[19-Feb-2016 00:21:20 UTC] index loaded
[19-Feb-2016 00:21:20 UTC] POST
[19-Feb-2016 00:21:20 UTC] register
[19-Feb-2016 00:21:21 UTC] index loaded
[19-Feb-2016 00:21:21 UTC] get
[19-Feb-2016 00:21:21 UTC] index loaded
[19-Feb-2016 00:21:21 UTC] get
[19-Feb-2016 00:21:23 UTC] index loaded
[19-Feb-2016 00:21:23 UTC] POST
[19-Feb-2016 00:21:23 UTC] register
[19-Feb-2016 00:21:24 UTC] register valid
[19-Feb-2016 00:21:24 UTC] index loaded
[19-Feb-2016 00:21:24 UTC] get
[19-Feb-2016 00:21:24 UTC] index loaded
[19-Feb-2016 00:21:24 UTC] get
[19-Feb-2016 00:21:24 UTC] index loaded
[19-Feb-2016 00:21:24 UTC] get
[19-Feb-2016 00:21:26 UTC] index loaded
[19-Feb-2016 00:21:26 UTC] POST
[19-Feb-2016 00:21:26 UTC] register
[19-Feb-2016 00:21:26 UTC] register valid
[19-Feb-2016 00:21:26 UTC] index loaded
[19-Feb-2016 00:21:26 UTC] get
[19-Feb-2016 00:21:26 UTC] index loaded
[19-Feb-2016 00:21:26 UTC] get
[19-Feb-2016 00:21:26 UTC] index loaded
[19-Feb-2016 00:21:26 UTC] get
[19-Feb-2016 00:23:10 UTC] index loaded
[19-Feb-2016 00:23:10 UTC] POST
[19-Feb-2016 00:23:10 UTC] register
[19-Feb-2016 00:23:10 UTC] register valid
[19-Feb-2016 00:23:10 UTC] index loaded
[19-Feb-2016 00:23:10 UTC] get
[19-Feb-2016 00:23:10 UTC] index loaded
[19-Feb-2016 00:23:10 UTC] get
[19-Feb-2016 00:23:10 UTC] index loaded
[19-Feb-2016 00:23:10 UTC] get
[19-Feb-2016 00:24:15 UTC] index loaded
[19-Feb-2016 00:24:15 UTC] get
[19-Feb-2016 00:24:16 UTC] index loaded
[19-Feb-2016 00:24:16 UTC] get
[19-Feb-2016 00:24:16 UTC] index loaded
[19-Feb-2016 00:24:16 UTC] POST
[19-Feb-2016 00:24:17 UTC] index loaded
[19-Feb-2016 00:24:17 UTC] get
[19-Feb-2016 00:24:17 UTC] index loaded
[19-Feb-2016 00:24:17 UTC] POST
[19-Feb-2016 00:24:17 UTC] register
[19-Feb-2016 00:24:17 UTC] register valid
[19-Feb-2016 00:24:17 UTC] index loaded
[19-Feb-2016 00:24:17 UTC] get
[19-Feb-2016 00:24:17 UTC] index loaded
[19-Feb-2016 00:24:17 UTC] get
[19-Feb-2016 00:24:18 UTC] index loaded
[19-Feb-2016 00:24:18 UTC] get
[19-Feb-2016 00:24:18 UTC] index loaded
[19-Feb-2016 00:24:18 UTC] POST
[19-Feb-2016 00:24:18 UTC] register
[19-Feb-2016 00:24:18 UTC] register valid
[19-Feb-2016 00:24:18 UTC] index loaded
[19-Feb-2016 00:24:18 UTC] get
[19-Feb-2016 00:24:19 UTC] index loaded
[19-Feb-2016 00:24:19 UTC] get
[19-Feb-2016 00:24:19 UTC] index loaded
[19-Feb-2016 00:24:19 UTC] get
[19-Feb-2016 00:24:19 UTC] index loaded
[19-Feb-2016 00:24:19 UTC] POST
[19-Feb-2016 00:24:19 UTC] register
[19-Feb-2016 00:24:20 UTC] index loaded
[19-Feb-2016 00:24:20 UTC] get
[19-Feb-2016 00:24:20 UTC] index loaded
[19-Feb-2016 00:24:20 UTC] get
[19-Feb-2016 00:24:20 UTC] index loaded
[19-Feb-2016 00:24:20 UTC] POST
[19-Feb-2016 00:24:20 UTC] register
[19-Feb-2016 00:24:21 UTC] index loaded
[19-Feb-2016 00:24:21 UTC] get
[19-Feb-2016 00:24:21 UTC] index loaded
[19-Feb-2016 00:24:21 UTC] get
[19-Feb-2016 00:24:41 UTC] index loaded
[19-Feb-2016 00:24:41 UTC] POST
[19-Feb-2016 00:24:41 UTC] register
[19-Feb-2016 00:24:41 UTC] register valid
[19-Feb-2016 00:24:41 UTC] index loaded
[19-Feb-2016 00:24:41 UTC] get
[19-Feb-2016 00:24:41 UTC] index loaded
[19-Feb-2016 00:24:41 UTC] get
[19-Feb-2016 00:24:41 UTC] index loaded
[19-Feb-2016 00:24:41 UTC] get
[19-Feb-2016 00:24:42 UTC] index loaded
[19-Feb-2016 00:24:42 UTC] POST
[19-Feb-2016 00:24:42 UTC] register
[19-Feb-2016 00:24:42 UTC] register valid
[19-Feb-2016 00:24:42 UTC] index loaded
[19-Feb-2016 00:24:42 UTC] get
[19-Feb-2016 00:24:42 UTC] index loaded
[19-Feb-2016 00:24:42 UTC] get
[19-Feb-2016 00:24:43 UTC] index loaded
[19-Feb-2016 00:24:43 UTC] get
[19-Feb-2016 00:24:43 UTC] index loaded
[19-Feb-2016 00:24:43 UTC] POST
[19-Feb-2016 00:24:43 UTC] register
[19-Feb-2016 00:24:43 UTC] register valid
[19-Feb-2016 00:24:43 UTC] index loaded
[19-Feb-2016 00:24:43 UTC] get
[19-Feb-2016 00:24:43 UTC] index loaded
[19-Feb-2016 00:24:43 UTC] get
[19-Feb-2016 00:24:44 UTC] index loaded
[19-Feb-2016 00:24:44 UTC] get
[19-Feb-2016 00:24:44 UTC] index loaded
[19-Feb-2016 00:24:44 UTC] POST
[19-Feb-2016 00:24:44 UTC] register
[19-Feb-2016 00:24:45 UTC] index loaded
[19-Feb-2016 00:24:45 UTC] get
[19-Feb-2016 00:24:45 UTC] index loaded
[19-Feb-2016 00:24:45 UTC] POST
[19-Feb-2016 00:24:45 UTC] index loaded
[19-Feb-2016 00:24:45 UTC] get
[19-Feb-2016 00:24:46 UTC] index loaded
[19-Feb-2016 00:24:46 UTC] POST
[19-Feb-2016 00:24:46 UTC] register
[19-Feb-2016 00:24:46 UTC] register valid
[19-Feb-2016 00:24:46 UTC] index loaded
[19-Feb-2016 00:24:46 UTC] get
[19-Feb-2016 00:24:46 UTC] index loaded
[19-Feb-2016 00:24:46 UTC] get
[19-Feb-2016 00:24:46 UTC] index loaded
[19-Feb-2016 00:24:46 UTC] get
[19-Feb-2016 00:24:47 UTC] index loaded
[19-Feb-2016 00:24:47 UTC] get
[19-Feb-2016 00:25:38 UTC] index loaded
[19-Feb-2016 00:25:38 UTC] get
[19-Feb-2016 00:25:39 UTC] index loaded
[19-Feb-2016 00:25:39 UTC] get
[19-Feb-2016 00:25:39 UTC] index loaded
[19-Feb-2016 00:25:39 UTC] POST
[19-Feb-2016 00:25:40 UTC] index loaded
[19-Feb-2016 00:25:40 UTC] get
[19-Feb-2016 00:25:40 UTC] index loaded
[19-Feb-2016 00:25:40 UTC] POST
[19-Feb-2016 00:25:40 UTC] register
[19-Feb-2016 00:25:40 UTC] register valid
[19-Feb-2016 00:25:40 UTC] index loaded
[19-Feb-2016 00:25:40 UTC] get
[19-Feb-2016 00:25:40 UTC] index loaded
[19-Feb-2016 00:25:40 UTC] get
[19-Feb-2016 00:25:41 UTC] index loaded
[19-Feb-2016 00:25:41 UTC] get
[19-Feb-2016 00:25:41 UTC] index loaded
[19-Feb-2016 00:25:41 UTC] POST
[19-Feb-2016 00:25:41 UTC] register
[19-Feb-2016 00:25:41 UTC] register valid
[19-Feb-2016 00:25:41 UTC] index loaded
[19-Feb-2016 00:25:41 UTC] get
[19-Feb-2016 00:25:42 UTC] index loaded
[19-Feb-2016 00:25:42 UTC] get
[19-Feb-2016 00:25:42 UTC] index loaded
[19-Feb-2016 00:25:42 UTC] get
[19-Feb-2016 00:25:42 UTC] index loaded
[19-Feb-2016 00:25:42 UTC] POST
[19-Feb-2016 00:25:42 UTC] register
[19-Feb-2016 00:25:43 UTC] index loaded
[19-Feb-2016 00:25:43 UTC] get
[19-Feb-2016 00:25:43 UTC] index loaded
[19-Feb-2016 00:25:43 UTC] get
[19-Feb-2016 00:25:43 UTC] index loaded
[19-Feb-2016 00:25:43 UTC] POST
[19-Feb-2016 00:25:43 UTC] register
[19-Feb-2016 00:25:44 UTC] index loaded
[19-Feb-2016 00:25:44 UTC] get
[19-Feb-2016 00:25:44 UTC] index loaded
[19-Feb-2016 00:25:44 UTC] get
[19-Feb-2016 00:25:44 UTC] index loaded
[19-Feb-2016 00:25:44 UTC] POST
[19-Feb-2016 00:25:44 UTC] register
[19-Feb-2016 00:25:44 UTC] register valid
[19-Feb-2016 00:25:44 UTC] index loaded
[19-Feb-2016 00:25:44 UTC] get
[19-Feb-2016 00:25:45 UTC] index loaded
[19-Feb-2016 00:25:45 UTC] get
[19-Feb-2016 00:25:45 UTC] index loaded
[19-Feb-2016 00:25:45 UTC] get
[19-Feb-2016 00:25:45 UTC] index loaded
[19-Feb-2016 00:25:45 UTC] POST
[19-Feb-2016 00:25:45 UTC] register
[19-Feb-2016 00:25:46 UTC] register valid
[19-Feb-2016 00:25:46 UTC] index loaded
[19-Feb-2016 00:25:46 UTC] get
[19-Feb-2016 00:25:46 UTC] index loaded
[19-Feb-2016 00:25:46 UTC] get
[19-Feb-2016 00:25:46 UTC] index loaded
[19-Feb-2016 00:25:46 UTC] get
[19-Feb-2016 00:25:47 UTC] index loaded
[19-Feb-2016 00:25:47 UTC] POST
[19-Feb-2016 00:25:47 UTC] register
[19-Feb-2016 00:25:47 UTC] register valid
[19-Feb-2016 00:25:47 UTC] index loaded
[19-Feb-2016 00:25:47 UTC] get
[19-Feb-2016 00:26:31 UTC] index loaded
[19-Feb-2016 00:26:31 UTC] get
[19-Feb-2016 00:26:32 UTC] index loaded
[19-Feb-2016 00:26:32 UTC] get
[19-Feb-2016 00:26:33 UTC] index loaded
[19-Feb-2016 00:26:33 UTC] POST
[19-Feb-2016 00:26:33 UTC] index loaded
[19-Feb-2016 00:26:33 UTC] get
[19-Feb-2016 00:26:33 UTC] index loaded
[19-Feb-2016 00:26:33 UTC] POST
[19-Feb-2016 00:26:33 UTC] register
[19-Feb-2016 00:26:33 UTC] register valid
[19-Feb-2016 00:26:33 UTC] index loaded
[19-Feb-2016 00:26:33 UTC] get
[19-Feb-2016 00:26:34 UTC] index loaded
[19-Feb-2016 00:26:34 UTC] get
[19-Feb-2016 00:26:34 UTC] index loaded
[19-Feb-2016 00:26:34 UTC] get
[19-Feb-2016 00:26:34 UTC] index loaded
[19-Feb-2016 00:26:34 UTC] POST
[19-Feb-2016 00:26:34 UTC] register
[19-Feb-2016 00:26:34 UTC] register valid
[19-Feb-2016 00:26:34 UTC] index loaded
[19-Feb-2016 00:26:34 UTC] get
[19-Feb-2016 00:26:35 UTC] index loaded
[19-Feb-2016 00:26:35 UTC] get
[19-Feb-2016 00:26:35 UTC] index loaded
[19-Feb-2016 00:26:35 UTC] get
[19-Feb-2016 00:26:35 UTC] index loaded
[19-Feb-2016 00:26:35 UTC] POST
[19-Feb-2016 00:26:35 UTC] register
[19-Feb-2016 00:26:36 UTC] index loaded
[19-Feb-2016 00:26:36 UTC] get
[19-Feb-2016 00:26:36 UTC] index loaded
[19-Feb-2016 00:26:36 UTC] get
[19-Feb-2016 00:26:36 UTC] index loaded
[19-Feb-2016 00:26:36 UTC] POST
[19-Feb-2016 00:26:36 UTC] register
[19-Feb-2016 00:26:37 UTC] index loaded
[19-Feb-2016 00:26:37 UTC] get
[19-Feb-2016 00:26:37 UTC] index loaded
[19-Feb-2016 00:26:37 UTC] get
[19-Feb-2016 00:26:37 UTC] index loaded
[19-Feb-2016 00:26:37 UTC] POST
[19-Feb-2016 00:26:37 UTC] register
[19-Feb-2016 00:26:37 UTC] register valid
[19-Feb-2016 00:26:37 UTC] index loaded
[19-Feb-2016 00:26:37 UTC] get
[19-Feb-2016 00:26:38 UTC] index loaded
[19-Feb-2016 00:26:38 UTC] get
[19-Feb-2016 00:26:38 UTC] index loaded
[19-Feb-2016 00:26:38 UTC] get
[19-Feb-2016 00:26:38 UTC] index loaded
[19-Feb-2016 00:26:38 UTC] POST
[19-Feb-2016 00:26:38 UTC] register
[19-Feb-2016 00:26:39 UTC] register valid
[19-Feb-2016 00:26:39 UTC] index loaded
[19-Feb-2016 00:26:39 UTC] get
[19-Feb-2016 00:26:39 UTC] index loaded
[19-Feb-2016 00:26:39 UTC] get
[19-Feb-2016 00:26:39 UTC] index loaded
[19-Feb-2016 00:26:39 UTC] get
[19-Feb-2016 00:26:40 UTC] index loaded
[19-Feb-2016 00:26:40 UTC] POST
[19-Feb-2016 00:26:40 UTC] register
[19-Feb-2016 00:26:40 UTC] register valid
[19-Feb-2016 00:26:40 UTC] index loaded
[19-Feb-2016 00:26:40 UTC] get
[19-Feb-2016 00:26:40 UTC] index loaded
[19-Feb-2016 00:26:40 UTC] get
[19-Feb-2016 00:26:40 UTC] index loaded
[19-Feb-2016 00:26:40 UTC] get
[19-Feb-2016 00:26:41 UTC] index loaded
[19-Feb-2016 00:26:41 UTC] POST
[19-Feb-2016 00:26:41 UTC] register
[19-Feb-2016 00:26:41 UTC] index loaded
[19-Feb-2016 00:26:41 UTC] get
[19-Feb-2016 00:26:41 UTC] index loaded
[19-Feb-2016 00:26:41 UTC] POST
[19-Feb-2016 00:26:42 UTC] index loaded
[19-Feb-2016 00:26:42 UTC] get
[19-Feb-2016 00:26:42 UTC] index loaded
[19-Feb-2016 00:26:42 UTC] POST
[19-Feb-2016 00:26:42 UTC] register
[19-Feb-2016 00:26:42 UTC] register valid
[19-Feb-2016 00:26:42 UTC] index loaded
[19-Feb-2016 00:26:42 UTC] get
[19-Feb-2016 00:26:42 UTC] index loaded
[19-Feb-2016 00:26:42 UTC] get
[19-Feb-2016 00:26:43 UTC] index loaded
[19-Feb-2016 00:26:43 UTC] get
[19-Feb-2016 00:26:43 UTC] index loaded
[19-Feb-2016 00:26:43 UTC] POST
[19-Feb-2016 00:26:43 UTC] register
[19-Feb-2016 00:26:43 UTC] register valid
[19-Feb-2016 00:26:43 UTC] index loaded
[19-Feb-2016 00:26:43 UTC] get
[19-Feb-2016 00:26:44 UTC] index loaded
[19-Feb-2016 00:26:44 UTC] get
[19-Feb-2016 00:26:44 UTC] index loaded
[19-Feb-2016 00:26:44 UTC] get
[19-Feb-2016 00:26:44 UTC] index loaded
[19-Feb-2016 00:26:44 UTC] POST
[19-Feb-2016 00:26:44 UTC] index loaded
[19-Feb-2016 00:26:44 UTC] get
[19-Feb-2016 00:26:45 UTC] index loaded
[19-Feb-2016 00:26:45 UTC] get
[19-Feb-2016 00:26:45 UTC] index loaded
[19-Feb-2016 00:26:45 UTC] get
[19-Feb-2016 00:26:45 UTC] index loaded
[19-Feb-2016 00:26:45 UTC] get
[19-Feb-2016 00:26:46 UTC] index loaded
[19-Feb-2016 00:26:46 UTC] POST
[19-Feb-2016 00:26:46 UTC] index loaded
[19-Feb-2016 00:26:46 UTC] get
[19-Feb-2016 00:26:46 UTC] index loaded
[19-Feb-2016 00:26:46 UTC] get
[19-Feb-2016 00:26:46 UTC] index loaded
[19-Feb-2016 00:26:46 UTC] get
[19-Feb-2016 00:26:47 UTC] index loaded
[19-Feb-2016 00:26:47 UTC] POST
[19-Feb-2016 00:26:47 UTC] index loaded
[19-Feb-2016 00:26:47 UTC] get
[19-Feb-2016 00:26:47 UTC] index loaded
[19-Feb-2016 00:26:47 UTC] get
[19-Feb-2016 00:26:48 UTC] index loaded
[19-Feb-2016 00:26:48 UTC] get
[19-Feb-2016 00:26:48 UTC] index loaded
[19-Feb-2016 00:26:48 UTC] POST
[19-Feb-2016 00:26:48 UTC] index loaded
[19-Feb-2016 00:26:48 UTC] get
[19-Feb-2016 00:26:48 UTC] index loaded
[19-Feb-2016 00:26:48 UTC] get
[19-Feb-2016 00:27:08 UTC] index loaded
[19-Feb-2016 00:27:08 UTC] get
[19-Feb-2016 00:27:08 UTC] index loaded
[19-Feb-2016 00:27:08 UTC] POST
[19-Feb-2016 00:27:08 UTC] index loaded
[19-Feb-2016 00:27:08 UTC] get
[19-Feb-2016 00:27:09 UTC] index loaded
[19-Feb-2016 00:27:09 UTC] get
[19-Feb-2016 00:27:09 UTC] index loaded
[19-Feb-2016 00:27:09 UTC] POST
[19-Feb-2016 00:27:09 UTC] index loaded
[19-Feb-2016 00:27:09 UTC] get
[19-Feb-2016 00:27:09 UTC] index loaded
[19-Feb-2016 00:27:09 UTC] get
[19-Feb-2016 00:27:10 UTC] index loaded
[19-Feb-2016 00:27:10 UTC] POST
[19-Feb-2016 00:27:10 UTC] index loaded
[19-Feb-2016 00:27:10 UTC] get
[19-Feb-2016 00:27:10 UTC] index loaded
[19-Feb-2016 00:27:10 UTC] get
[19-Feb-2016 00:27:10 UTC] index loaded
[19-Feb-2016 00:27:10 UTC] get
[19-Feb-2016 00:27:11 UTC] index loaded
[19-Feb-2016 00:27:11 UTC] POST
[19-Feb-2016 00:27:11 UTC] index loaded
[19-Feb-2016 00:27:11 UTC] get
[19-Feb-2016 00:27:11 UTC] index loaded
[19-Feb-2016 00:27:11 UTC] get
[19-Feb-2016 00:27:12 UTC] index loaded
[19-Feb-2016 00:27:12 UTC] get
[19-Feb-2016 00:27:12 UTC] index loaded
[19-Feb-2016 00:27:12 UTC] POST
[19-Feb-2016 00:27:12 UTC] index loaded
[19-Feb-2016 00:27:12 UTC] get
[19-Feb-2016 00:27:13 UTC] index loaded
[19-Feb-2016 00:27:13 UTC] get
[19-Feb-2016 00:27:13 UTC] index loaded
[19-Feb-2016 00:27:13 UTC] get
[19-Feb-2016 00:27:13 UTC] index loaded
[19-Feb-2016 00:27:13 UTC] POST
[19-Feb-2016 00:27:13 UTC] index loaded
[19-Feb-2016 00:27:13 UTC] get
[19-Feb-2016 00:27:14 UTC] index loaded
[19-Feb-2016 00:27:14 UTC] get
[19-Feb-2016 00:27:39 UTC] index loaded
[19-Feb-2016 00:27:39 UTC] POST
[19-Feb-2016 00:29:39 UTC] index loaded
[19-Feb-2016 00:29:39 UTC] get
[19-Feb-2016 00:29:41 UTC] index loaded
[19-Feb-2016 00:29:41 UTC] get
[19-Feb-2016 00:29:52 UTC] index loaded
[19-Feb-2016 00:29:52 UTC] get
[19-Feb-2016 00:44:36 UTC] index loaded
[19-Feb-2016 00:44:36 UTC] POST
[19-Feb-2016 00:44:59 UTC] index loaded
[19-Feb-2016 00:44:59 UTC] get
[19-Feb-2016 00:45:07 UTC] index loaded
[19-Feb-2016 00:45:07 UTC] get
[19-Feb-2016 00:45:10 UTC] index loaded
[19-Feb-2016 00:45:10 UTC] POST
[19-Feb-2016 00:45:16 UTC] index loaded
[19-Feb-2016 00:45:16 UTC] get
[19-Feb-2016 00:45:18 UTC] index loaded
[19-Feb-2016 00:45:18 UTC] POST
[19-Feb-2016 00:45:20 UTC] index loaded
[19-Feb-2016 00:45:20 UTC] get
[19-Feb-2016 00:46:15 UTC] index loaded
[19-Feb-2016 00:46:15 UTC] POST
[19-Feb-2016 00:46:16 UTC] index loaded
[19-Feb-2016 00:46:16 UTC] get
[19-Feb-2016 00:46:18 UTC] index loaded
[19-Feb-2016 00:46:18 UTC] POST
[19-Feb-2016 00:46:20 UTC] index loaded
[19-Feb-2016 00:46:20 UTC] get
[19-Feb-2016 00:49:17 UTC] index loaded
[19-Feb-2016 00:49:17 UTC] POST
[19-Feb-2016 00:49:17 UTC] register
[19-Feb-2016 00:49:17 UTC] PHP Notice:  Undefined index: name in /home/ubuntu/workspace/public/index.php on line 83
[19-Feb-2016 00:49:17 UTC] PHP Stack trace:
[19-Feb-2016 00:49:17 UTC] PHP   1. {main}() /home/ubuntu/workspace/public/index.php:0
[19-Feb-2016 00:49:20 UTC] index loaded
[19-Feb-2016 00:49:20 UTC] get
[19-Feb-2016 00:49:32 UTC] index loaded
[19-Feb-2016 00:49:32 UTC] POST
[19-Feb-2016 00:49:32 UTC] register
[19-Feb-2016 00:49:34 UTC] index loaded
[19-Feb-2016 00:49:34 UTC] get
[19-Feb-2016 00:54:27 UTC] index loaded
[19-Feb-2016 00:54:27 UTC] get
[19-Feb-2016 00:54:31 UTC] index loaded
[19-Feb-2016 00:54:31 UTC] POST
[19-Feb-2016 00:54:31 UTC] register
[19-Feb-2016 00:54:44 UTC] index loaded
[19-Feb-2016 00:54:44 UTC] POST
[19-Feb-2016 00:54:47 UTC] index loaded
[19-Feb-2016 00:54:47 UTC] POST
[19-Feb-2016 00:55:02 UTC] index loaded
[19-Feb-2016 00:55:02 UTC] get
[19-Feb-2016 00:55:02 UTC] index loaded
[19-Feb-2016 00:55:02 UTC] get
[19-Feb-2016 00:55:02 UTC] index loaded
[19-Feb-2016 00:55:02 UTC] get
[19-Feb-2016 00:55:03 UTC] index loaded
[19-Feb-2016 00:55:03 UTC] POST
[19-Feb-2016 00:55:03 UTC] register
[19-Feb-2016 00:55:03 UTC] index loaded
[19-Feb-2016 00:55:03 UTC] get
[19-Feb-2016 00:55:03 UTC] index loaded
[19-Feb-2016 00:55:03 UTC] get
[19-Feb-2016 00:55:03 UTC] index loaded
[19-Feb-2016 00:55:03 UTC] POST
[19-Feb-2016 00:55:03 UTC] register
[19-Feb-2016 00:55:03 UTC] index loaded
[19-Feb-2016 00:55:03 UTC] get
[19-Feb-2016 00:55:03 UTC] index loaded
[19-Feb-2016 00:55:03 UTC] get
[19-Feb-2016 00:55:03 UTC] index loaded
[19-Feb-2016 00:55:03 UTC] POST
[19-Feb-2016 00:55:03 UTC] register
[19-Feb-2016 00:55:03 UTC] index loaded
[19-Feb-2016 00:55:03 UTC] get
[19-Feb-2016 00:55:04 UTC] index loaded
[19-Feb-2016 00:55:04 UTC] get
[19-Feb-2016 00:55:04 UTC] index loaded
[19-Feb-2016 00:55:04 UTC] POST
[19-Feb-2016 00:55:04 UTC] register
[19-Feb-2016 00:55:04 UTC] index loaded
[19-Feb-2016 00:55:04 UTC] get
[19-Feb-2016 00:55:04 UTC] index loaded
[19-Feb-2016 00:55:04 UTC] get
[19-Feb-2016 00:55:04 UTC] index loaded
[19-Feb-2016 00:55:04 UTC] POST
[19-Feb-2016 00:55:04 UTC] register
[19-Feb-2016 00:55:04 UTC] index loaded
[19-Feb-2016 00:55:04 UTC] get
[19-Feb-2016 00:55:04 UTC] index loaded
[19-Feb-2016 00:55:04 UTC] get
[19-Feb-2016 00:55:05 UTC] index loaded
[19-Feb-2016 00:55:05 UTC] POST
[19-Feb-2016 00:55:05 UTC] register
[19-Feb-2016 00:55:05 UTC] index loaded
[19-Feb-2016 00:55:05 UTC] get
[19-Feb-2016 00:55:05 UTC] index loaded
[19-Feb-2016 00:55:05 UTC] get
[19-Feb-2016 00:55:05 UTC] index loaded
[19-Feb-2016 00:55:05 UTC] POST
[19-Feb-2016 00:55:05 UTC] register
[19-Feb-2016 00:55:05 UTC] index loaded
[19-Feb-2016 00:55:05 UTC] get
[19-Feb-2016 00:55:05 UTC] index loaded
[19-Feb-2016 00:55:05 UTC] get
[19-Feb-2016 00:55:05 UTC] index loaded
[19-Feb-2016 00:55:05 UTC] get
[19-Feb-2016 00:55:06 UTC] index loaded
[19-Feb-2016 00:55:06 UTC] POST
[19-Feb-2016 00:55:06 UTC] index loaded
[19-Feb-2016 00:55:06 UTC] get
[19-Feb-2016 00:55:06 UTC] index loaded
[19-Feb-2016 00:55:06 UTC] get
[19-Feb-2016 00:55:06 UTC] index loaded
[19-Feb-2016 00:55:06 UTC] get
[19-Feb-2016 00:55:06 UTC] index loaded
[19-Feb-2016 00:55:06 UTC] get
[19-Feb-2016 00:55:06 UTC] index loaded
[19-Feb-2016 00:55:06 UTC] get
[19-Feb-2016 00:55:38 UTC] index loaded
[19-Feb-2016 00:55:38 UTC] get
[19-Feb-2016 00:55:40 UTC] index loaded
[19-Feb-2016 00:55:40 UTC] get
[19-Feb-2016 00:55:40 UTC] index loaded
[19-Feb-2016 00:55:40 UTC] get
[19-Feb-2016 00:55:40 UTC] index loaded
[19-Feb-2016 00:55:40 UTC] POST
[19-Feb-2016 00:55:40 UTC] register
[19-Feb-2016 00:55:40 UTC] index loaded
[19-Feb-2016 00:55:40 UTC] get
[19-Feb-2016 00:55:40 UTC] index loaded
[19-Feb-2016 00:55:40 UTC] get
[19-Feb-2016 00:55:40 UTC] index loaded
[19-Feb-2016 00:55:40 UTC] POST
[19-Feb-2016 00:55:40 UTC] register
[19-Feb-2016 00:55:41 UTC] index loaded
[19-Feb-2016 00:55:41 UTC] get
[19-Feb-2016 00:55:41 UTC] index loaded
[19-Feb-2016 00:55:41 UTC] get
[19-Feb-2016 00:55:41 UTC] index loaded
[19-Feb-2016 00:55:41 UTC] POST
[19-Feb-2016 00:55:41 UTC] register
[19-Feb-2016 00:55:41 UTC] index loaded
[19-Feb-2016 00:55:41 UTC] get
[19-Feb-2016 00:55:41 UTC] index loaded
[19-Feb-2016 00:55:41 UTC] get
[19-Feb-2016 00:55:41 UTC] index loaded
[19-Feb-2016 00:55:41 UTC] POST
[19-Feb-2016 00:55:41 UTC] register
[19-Feb-2016 00:55:41 UTC] index loaded
[19-Feb-2016 00:55:41 UTC] get
[19-Feb-2016 00:55:41 UTC] index loaded
[19-Feb-2016 00:55:41 UTC] get
[19-Feb-2016 00:55:42 UTC] index loaded
[19-Feb-2016 00:55:42 UTC] POST
[19-Feb-2016 00:55:42 UTC] register
[19-Feb-2016 00:55:42 UTC] index loaded
[19-Feb-2016 00:55:42 UTC] get
[19-Feb-2016 00:55:42 UTC] index loaded
[19-Feb-2016 00:55:42 UTC] get
[19-Feb-2016 00:55:42 UTC] index loaded
[19-Feb-2016 00:55:42 UTC] POST
[19-Feb-2016 00:55:42 UTC] register
[19-Feb-2016 00:55:42 UTC] index loaded
[19-Feb-2016 00:55:42 UTC] get
[19-Feb-2016 00:55:42 UTC] index loaded
[19-Feb-2016 00:55:42 UTC] get
[19-Feb-2016 00:55:42 UTC] index loaded
[19-Feb-2016 00:55:42 UTC] POST
[19-Feb-2016 00:55:42 UTC] register
[19-Feb-2016 00:55:43 UTC] index loaded
[19-Feb-2016 00:55:43 UTC] get
[19-Feb-2016 00:55:43 UTC] index loaded
[19-Feb-2016 00:55:43 UTC] get
[19-Feb-2016 00:55:43 UTC] index loaded
[19-Feb-2016 00:55:43 UTC] get
[19-Feb-2016 00:55:43 UTC] index loaded
[19-Feb-2016 00:55:43 UTC] POST
[19-Feb-2016 00:55:43 UTC] index loaded
[19-Feb-2016 00:55:43 UTC] get
[19-Feb-2016 00:55:43 UTC] index loaded
[19-Feb-2016 00:55:43 UTC] get
[19-Feb-2016 00:55:44 UTC] index loaded
[19-Feb-2016 00:55:44 UTC] get
[19-Feb-2016 00:55:44 UTC] index loaded
[19-Feb-2016 00:55:44 UTC] get
[19-Feb-2016 00:55:44 UTC] index loaded
[19-Feb-2016 00:55:44 UTC] get
[19-Feb-2016 00:55:44 UTC] index loaded
[19-Feb-2016 00:55:44 UTC] POST
[19-Feb-2016 00:55:44 UTC] index loaded
[19-Feb-2016 00:55:44 UTC] get
[19-Feb-2016 00:55:44 UTC] index loaded
[19-Feb-2016 00:55:44 UTC] get
[19-Feb-2016 00:55:44 UTC] index loaded
[19-Feb-2016 00:55:44 UTC] get
[19-Feb-2016 00:55:45 UTC] index loaded
[19-Feb-2016 00:55:45 UTC] get
[19-Feb-2016 00:55:45 UTC] index loaded
[19-Feb-2016 00:55:45 UTC] get
[19-Feb-2016 00:55:45 UTC] index loaded
[19-Feb-2016 00:55:45 UTC] get
[19-Feb-2016 00:55:45 UTC] index loaded
[19-Feb-2016 00:55:45 UTC] get
[19-Feb-2016 00:56:46 UTC] index loaded
[19-Feb-2016 00:56:46 UTC] POST
[19-Feb-2016 00:56:46 UTC] register
[19-Feb-2016 00:58:11 UTC] index loaded
[19-Feb-2016 00:58:11 UTC] get
[19-Feb-2016 00:58:11 UTC] index loaded
[19-Feb-2016 00:58:11 UTC] get
[19-Feb-2016 00:58:12 UTC] index loaded
[19-Feb-2016 00:58:12 UTC] get
[19-Feb-2016 00:58:12 UTC] index loaded
[19-Feb-2016 00:58:12 UTC] POST
[19-Feb-2016 00:58:12 UTC] register
[19-Feb-2016 00:58:12 UTC] index loaded
[19-Feb-2016 00:58:12 UTC] get
[19-Feb-2016 00:58:12 UTC] index loaded
[19-Feb-2016 00:58:12 UTC] get
[19-Feb-2016 00:58:12 UTC] index loaded
[19-Feb-2016 00:58:12 UTC] POST
[19-Feb-2016 00:58:12 UTC] register
[19-Feb-2016 00:58:12 UTC] index loaded
[19-Feb-2016 00:58:12 UTC] get
[19-Feb-2016 00:58:12 UTC] index loaded
[19-Feb-2016 00:58:12 UTC] get
[19-Feb-2016 00:58:13 UTC] index loaded
[19-Feb-2016 00:58:13 UTC] POST
[19-Feb-2016 00:58:13 UTC] register
[19-Feb-2016 00:58:13 UTC] index loaded
[19-Feb-2016 00:58:13 UTC] get
[19-Feb-2016 00:58:13 UTC] index loaded
[19-Feb-2016 00:58:13 UTC] get
[19-Feb-2016 00:58:13 UTC] index loaded
[19-Feb-2016 00:58:13 UTC] POST
[19-Feb-2016 00:58:13 UTC] register
[19-Feb-2016 00:58:13 UTC] index loaded
[19-Feb-2016 00:58:13 UTC] get
[19-Feb-2016 00:58:13 UTC] index loaded
[19-Feb-2016 00:58:13 UTC] get
[19-Feb-2016 00:58:13 UTC] index loaded
[19-Feb-2016 00:58:13 UTC] POST
[19-Feb-2016 00:58:13 UTC] register
[19-Feb-2016 00:58:14 UTC] index loaded
[19-Feb-2016 00:58:14 UTC] get
[19-Feb-2016 00:58:14 UTC] index loaded
[19-Feb-2016 00:58:14 UTC] get
[19-Feb-2016 00:58:14 UTC] index loaded
[19-Feb-2016 00:58:14 UTC] POST
[19-Feb-2016 00:58:14 UTC] register
[19-Feb-2016 00:58:14 UTC] index loaded
[19-Feb-2016 00:58:14 UTC] get
[19-Feb-2016 00:58:14 UTC] index loaded
[19-Feb-2016 00:58:14 UTC] get
[19-Feb-2016 00:58:14 UTC] index loaded
[19-Feb-2016 00:58:14 UTC] POST
[19-Feb-2016 00:58:14 UTC] register
[19-Feb-2016 00:58:14 UTC] index loaded
[19-Feb-2016 00:58:14 UTC] get
[19-Feb-2016 00:58:14 UTC] index loaded
[19-Feb-2016 00:58:14 UTC] get
[19-Feb-2016 00:58:15 UTC] index loaded
[19-Feb-2016 00:58:15 UTC] get
[19-Feb-2016 00:58:15 UTC] index loaded
[19-Feb-2016 00:58:15 UTC] POST
[19-Feb-2016 00:58:15 UTC] index loaded
[19-Feb-2016 00:58:15 UTC] get
[19-Feb-2016 00:58:15 UTC] index loaded
[19-Feb-2016 00:58:15 UTC] get
[19-Feb-2016 00:58:15 UTC] index loaded
[19-Feb-2016 00:58:15 UTC] get
[19-Feb-2016 00:58:16 UTC] index loaded
[19-Feb-2016 00:58:16 UTC] get
[19-Feb-2016 00:58:16 UTC] index loaded
[19-Feb-2016 00:58:16 UTC] get
[19-Feb-2016 00:58:16 UTC] index loaded
[19-Feb-2016 00:58:16 UTC] POST
[19-Feb-2016 00:58:16 UTC] index loaded
[19-Feb-2016 00:58:16 UTC] get
[19-Feb-2016 00:58:16 UTC] index loaded
[19-Feb-2016 00:58:16 UTC] get
[19-Feb-2016 00:58:16 UTC] index loaded
[19-Feb-2016 00:58:16 UTC] get
[19-Feb-2016 00:58:16 UTC] index loaded
[19-Feb-2016 00:58:16 UTC] get
[19-Feb-2016 00:58:17 UTC] index loaded
[19-Feb-2016 00:58:17 UTC] get
[19-Feb-2016 00:58:17 UTC] index loaded
[19-Feb-2016 00:58:17 UTC] get
[19-Feb-2016 00:59:09 UTC] index loaded
[19-Feb-2016 00:59:09 UTC] POST
[19-Feb-2016 00:59:09 UTC] index loaded
[19-Feb-2016 00:59:09 UTC] get
[19-Feb-2016 00:59:41 UTC] index loaded
[19-Feb-2016 00:59:41 UTC] get
[19-Feb-2016 00:59:44 UTC] index loaded
[19-Feb-2016 00:59:44 UTC] POST
[19-Feb-2016 00:59:44 UTC] register
[19-Feb-2016 00:59:47 UTC] index loaded
[19-Feb-2016 00:59:47 UTC] POST
[19-Feb-2016 00:59:47 UTC] register
[19-Feb-2016 00:59:53 UTC] index loaded
[19-Feb-2016 00:59:53 UTC] POST
[19-Feb-2016 00:59:53 UTC] register
[19-Feb-2016 01:02:24 UTC] index loaded
[19-Feb-2016 01:02:24 UTC] POST
[19-Feb-2016 01:02:24 UTC] index loaded
[19-Feb-2016 01:02:24 UTC] get
[19-Feb-2016 01:02:32 UTC] index loaded
[19-Feb-2016 01:02:32 UTC] get
[19-Feb-2016 01:02:32 UTC] index loaded
[19-Feb-2016 01:02:32 UTC] get
[19-Feb-2016 01:02:33 UTC] index loaded
[19-Feb-2016 01:02:33 UTC] get
[19-Feb-2016 01:02:33 UTC] index loaded
[19-Feb-2016 01:02:33 UTC] POST
[19-Feb-2016 01:02:33 UTC] register
[19-Feb-2016 01:02:33 UTC] index loaded
[19-Feb-2016 01:02:33 UTC] get
[19-Feb-2016 01:02:33 UTC] index loaded
[19-Feb-2016 01:02:33 UTC] get
[19-Feb-2016 01:02:33 UTC] index loaded
[19-Feb-2016 01:02:33 UTC] POST
[19-Feb-2016 01:02:33 UTC] register
[19-Feb-2016 01:02:33 UTC] index loaded
[19-Feb-2016 01:02:33 UTC] get
[19-Feb-2016 01:02:33 UTC] index loaded
[19-Feb-2016 01:02:33 UTC] get
[19-Feb-2016 01:02:33 UTC] index loaded
[19-Feb-2016 01:02:33 UTC] POST
[19-Feb-2016 01:02:33 UTC] register
[19-Feb-2016 01:02:34 UTC] index loaded
[19-Feb-2016 01:02:34 UTC] get
[19-Feb-2016 01:02:34 UTC] index loaded
[19-Feb-2016 01:02:34 UTC] get
[19-Feb-2016 01:02:34 UTC] index loaded
[19-Feb-2016 01:02:34 UTC] POST
[19-Feb-2016 01:02:34 UTC] register
[19-Feb-2016 01:02:34 UTC] index loaded
[19-Feb-2016 01:02:34 UTC] get
[19-Feb-2016 01:02:34 UTC] index loaded
[19-Feb-2016 01:02:34 UTC] get
[19-Feb-2016 01:02:34 UTC] index loaded
[19-Feb-2016 01:02:34 UTC] POST
[19-Feb-2016 01:02:34 UTC] register
[19-Feb-2016 01:02:34 UTC] index loaded
[19-Feb-2016 01:02:34 UTC] get
[19-Feb-2016 01:02:35 UTC] index loaded
[19-Feb-2016 01:02:35 UTC] get
[19-Feb-2016 01:02:35 UTC] index loaded
[19-Feb-2016 01:02:35 UTC] POST
[19-Feb-2016 01:02:35 UTC] register
[19-Feb-2016 01:02:35 UTC] index loaded
[19-Feb-2016 01:02:35 UTC] get
[19-Feb-2016 01:02:35 UTC] index loaded
[19-Feb-2016 01:02:35 UTC] get
[19-Feb-2016 01:02:35 UTC] index loaded
[19-Feb-2016 01:02:35 UTC] POST
[19-Feb-2016 01:02:35 UTC] register
[19-Feb-2016 01:02:35 UTC] index loaded
[19-Feb-2016 01:02:35 UTC] get
[19-Feb-2016 01:02:35 UTC] index loaded
[19-Feb-2016 01:02:35 UTC] get
[19-Feb-2016 01:02:36 UTC] index loaded
[19-Feb-2016 01:02:36 UTC] get
[19-Feb-2016 01:02:36 UTC] index loaded
[19-Feb-2016 01:02:36 UTC] POST
[19-Feb-2016 01:02:36 UTC] index loaded
[19-Feb-2016 01:02:36 UTC] get
[19-Feb-2016 01:02:36 UTC] index loaded
[19-Feb-2016 01:02:36 UTC] get
[19-Feb-2016 01:02:36 UTC] index loaded
[19-Feb-2016 01:02:36 UTC] get
[19-Feb-2016 01:02:37 UTC] index loaded
[19-Feb-2016 01:02:37 UTC] get
[19-Feb-2016 01:02:37 UTC] index loaded
[19-Feb-2016 01:02:37 UTC] get
[19-Feb-2016 01:02:37 UTC] index loaded
[19-Feb-2016 01:02:37 UTC] POST
[19-Feb-2016 01:02:37 UTC] index loaded
[19-Feb-2016 01:02:37 UTC] get
[19-Feb-2016 01:02:37 UTC] index loaded
[19-Feb-2016 01:02:37 UTC] get
[19-Feb-2016 01:02:37 UTC] index loaded
[19-Feb-2016 01:02:37 UTC] get
[19-Feb-2016 01:02:37 UTC] index loaded
[19-Feb-2016 01:02:37 UTC] get
[19-Feb-2016 01:02:38 UTC] index loaded
[19-Feb-2016 01:02:38 UTC] get
[19-Feb-2016 01:02:38 UTC] index loaded
[19-Feb-2016 01:02:38 UTC] get
[19-Feb-2016 01:02:38 UTC] index loaded
[19-Feb-2016 01:02:38 UTC] get
[19-Feb-2016 01:02:38 UTC] index loaded
[19-Feb-2016 01:02:38 UTC] get
[19-Feb-2016 01:02:38 UTC] index loaded
[19-Feb-2016 01:02:38 UTC] get
[19-Feb-2016 01:03:13 UTC] index loaded
[19-Feb-2016 01:03:13 UTC] get
[19-Feb-2016 01:03:16 UTC] index loaded
[19-Feb-2016 01:03:16 UTC] POST
[19-Feb-2016 01:03:19 UTC] index loaded
[19-Feb-2016 01:03:19 UTC] POST
[19-Feb-2016 01:03:21 UTC] index loaded
[19-Feb-2016 01:03:21 UTC] POST
[19-Feb-2016 01:03:21 UTC] register
[19-Feb-2016 01:05:59 UTC] index loaded
[19-Feb-2016 01:05:59 UTC] POST
[19-Feb-2016 01:05:59 UTC] index loaded
[19-Feb-2016 01:05:59 UTC] get
[19-Feb-2016 01:06:02 UTC] index loaded
[19-Feb-2016 01:06:02 UTC] POST
[19-Feb-2016 01:06:02 UTC] PHP Notice:  Undefined variable: name in /home/ubuntu/workspace/views/homepage.php on line 66
[19-Feb-2016 01:06:02 UTC] PHP Stack trace:
[19-Feb-2016 01:06:02 UTC] PHP   1. {main}() /home/ubuntu/workspace/public/index.php:0
[19-Feb-2016 01:06:02 UTC] PHP   2. render() /home/ubuntu/workspace/public/index.php:134
[19-Feb-2016 01:06:02 UTC] PHP   3. require() /home/ubuntu/workspace/includes/helpers.php:115
[19-Feb-2016 01:06:02 UTC] PHP Notice:  Undefined variable: rows in /home/ubuntu/workspace/views/homepage.php on line 70
[19-Feb-2016 01:06:02 UTC] PHP Stack trace:
[19-Feb-2016 01:06:02 UTC] PHP   1. {main}() /home/ubuntu/workspace/public/index.php:0
[19-Feb-2016 01:06:02 UTC] PHP   2. render() /home/ubuntu/workspace/public/index.php:134
[19-Feb-2016 01:06:02 UTC] PHP   3. require() /home/ubuntu/workspace/includes/helpers.php:115
[19-Feb-2016 01:07:31 UTC] index loaded
[19-Feb-2016 01:07:31 UTC] POST
[19-Feb-2016 01:07:31 UTC] index loaded
[19-Feb-2016 01:07:31 UTC] get
[19-Feb-2016 01:08:54 UTC] index loaded
[19-Feb-2016 01:08:54 UTC] get
[19-Feb-2016 01:08:58 UTC] index loaded
[19-Feb-2016 01:08:58 UTC] POST
[19-Feb-2016 01:08:58 UTC] index loaded
[19-Feb-2016 01:08:58 UTC] get
[19-Feb-2016 01:09:23 UTC] index loaded
[19-Feb-2016 01:09:23 UTC] get
[19-Feb-2016 01:11:09 UTC] index loaded
[19-Feb-2016 01:11:09 UTC] get
[19-Feb-2016 01:11:13 UTC] index loaded
[19-Feb-2016 01:11:13 UTC] POST
[19-Feb-2016 01:11:13 UTC] index loaded
[19-Feb-2016 01:11:13 UTC] get
[19-Feb-2016 01:11:17 UTC] index loaded
[19-Feb-2016 01:11:17 UTC] get
[19-Feb-2016 01:11:24 UTC] index loaded
[19-Feb-2016 01:11:24 UTC] get
[19-Feb-2016 01:11:24 UTC] index loaded
[19-Feb-2016 01:11:24 UTC] get
[19-Feb-2016 01:11:24 UTC] index loaded
[19-Feb-2016 01:11:24 UTC] get
[19-Feb-2016 01:11:24 UTC] index loaded
[19-Feb-2016 01:11:24 UTC] POST
[19-Feb-2016 01:11:24 UTC] register
[19-Feb-2016 01:11:24 UTC] index loaded
[19-Feb-2016 01:11:24 UTC] get
[19-Feb-2016 01:11:24 UTC] index loaded
[19-Feb-2016 01:11:24 UTC] get
[19-Feb-2016 01:11:25 UTC] index loaded
[19-Feb-2016 01:11:25 UTC] POST
[19-Feb-2016 01:11:25 UTC] register
[19-Feb-2016 01:11:25 UTC] index loaded
[19-Feb-2016 01:11:25 UTC] get
[19-Feb-2016 01:11:25 UTC] index loaded
[19-Feb-2016 01:11:25 UTC] get
[19-Feb-2016 01:11:25 UTC] index loaded
[19-Feb-2016 01:11:25 UTC] POST
[19-Feb-2016 01:11:25 UTC] register
[19-Feb-2016 01:11:25 UTC] index loaded
[19-Feb-2016 01:11:25 UTC] get
[19-Feb-2016 01:11:25 UTC] index loaded
[19-Feb-2016 01:11:25 UTC] get
[19-Feb-2016 01:11:25 UTC] index loaded
[19-Feb-2016 01:11:25 UTC] POST
[19-Feb-2016 01:11:25 UTC] register
[19-Feb-2016 01:11:25 UTC] index loaded
[19-Feb-2016 01:11:25 UTC] get
[19-Feb-2016 01:11:25 UTC] index loaded
[19-Feb-2016 01:11:25 UTC] get
[19-Feb-2016 01:11:26 UTC] index loaded
[19-Feb-2016 01:11:26 UTC] POST
[19-Feb-2016 01:11:26 UTC] register
[19-Feb-2016 01:11:26 UTC] index loaded
[19-Feb-2016 01:11:26 UTC] get
[19-Feb-2016 01:11:26 UTC] index loaded
[19-Feb-2016 01:11:26 UTC] get
[19-Feb-2016 01:11:26 UTC] index loaded
[19-Feb-2016 01:11:26 UTC] POST
[19-Feb-2016 01:11:26 UTC] register
[19-Feb-2016 01:11:26 UTC] index loaded
[19-Feb-2016 01:11:26 UTC] get
[19-Feb-2016 01:11:26 UTC] index loaded
[19-Feb-2016 01:11:26 UTC] get
[19-Feb-2016 01:11:26 UTC] index loaded
[19-Feb-2016 01:11:26 UTC] POST
[19-Feb-2016 01:11:26 UTC] register
[19-Feb-2016 01:11:26 UTC] index loaded
[19-Feb-2016 01:11:26 UTC] get
[19-Feb-2016 01:11:26 UTC] index loaded
[19-Feb-2016 01:11:26 UTC] get
[19-Feb-2016 01:11:27 UTC] index loaded
[19-Feb-2016 01:11:27 UTC] get
[19-Feb-2016 01:11:27 UTC] index loaded
[19-Feb-2016 01:11:27 UTC] POST
[19-Feb-2016 01:11:27 UTC] index loaded
[19-Feb-2016 01:11:27 UTC] get
[19-Feb-2016 01:11:27 UTC] index loaded
[19-Feb-2016 01:11:27 UTC] get
[19-Feb-2016 01:11:27 UTC] index loaded
[19-Feb-2016 01:11:27 UTC] get
[19-Feb-2016 01:11:27 UTC] index loaded
[19-Feb-2016 01:11:27 UTC] POST
[19-Feb-2016 01:11:27 UTC] register
[19-Feb-2016 01:11:27 UTC] register valid
[19-Feb-2016 01:11:27 UTC] index loaded
[19-Feb-2016 01:11:27 UTC] get
[19-Feb-2016 01:11:28 UTC] index loaded
[19-Feb-2016 01:11:28 UTC] get
[19-Feb-2016 01:11:28 UTC] index loaded
[19-Feb-2016 01:11:28 UTC] get
[19-Feb-2016 01:11:28 UTC] index loaded
[19-Feb-2016 01:11:28 UTC] POST
[19-Feb-2016 01:11:28 UTC] index loaded
[19-Feb-2016 01:11:28 UTC] get
[19-Feb-2016 01:11:28 UTC] index loaded
[19-Feb-2016 01:11:28 UTC] get
[19-Feb-2016 01:11:28 UTC] index loaded
[19-Feb-2016 01:11:28 UTC] get
[19-Feb-2016 01:11:28 UTC] index loaded
[19-Feb-2016 01:11:28 UTC] get
[19-Feb-2016 01:11:28 UTC] index loaded
[19-Feb-2016 01:11:28 UTC] get
[19-Feb-2016 01:11:29 UTC] index loaded
[19-Feb-2016 01:11:29 UTC] get
[19-Feb-2016 01:11:29 UTC] index loaded
[19-Feb-2016 01:11:29 UTC] get
[19-Feb-2016 01:11:29 UTC] index loaded
[19-Feb-2016 01:11:29 UTC] get
[19-Feb-2016 01:16:23 UTC] index loaded
[19-Feb-2016 01:16:23 UTC] POST
[19-Feb-2016 01:16:24 UTC] index loaded
[19-Feb-2016 01:16:24 UTC] get
[19-Feb-2016 01:16:41 UTC] index loaded
[19-Feb-2016 01:16:41 UTC] get
[19-Feb-2016 01:16:41 UTC] index loaded
[19-Feb-2016 01:16:41 UTC] get
[19-Feb-2016 01:16:41 UTC] index loaded
[19-Feb-2016 01:16:41 UTC] get
[19-Feb-2016 01:16:41 UTC] index loaded
[19-Feb-2016 01:16:41 UTC] POST
[19-Feb-2016 01:16:41 UTC] register
[19-Feb-2016 01:16:41 UTC] index loaded
[19-Feb-2016 01:16:41 UTC] get
[19-Feb-2016 01:16:42 UTC] index loaded
[19-Feb-2016 01:16:42 UTC] get
[19-Feb-2016 01:16:42 UTC] index loaded
[19-Feb-2016 01:16:42 UTC] POST
[19-Feb-2016 01:16:42 UTC] register
[19-Feb-2016 01:16:42 UTC] index loaded
[19-Feb-2016 01:16:42 UTC] get
[19-Feb-2016 01:16:42 UTC] index loaded
[19-Feb-2016 01:16:42 UTC] get
[19-Feb-2016 01:16:42 UTC] index loaded
[19-Feb-2016 01:16:42 UTC] POST
[19-Feb-2016 01:16:42 UTC] register
[19-Feb-2016 01:16:42 UTC] index loaded
[19-Feb-2016 01:16:42 UTC] get
[19-Feb-2016 01:16:42 UTC] index loaded
[19-Feb-2016 01:16:42 UTC] get
[19-Feb-2016 01:16:42 UTC] index loaded
[19-Feb-2016 01:16:42 UTC] POST
[19-Feb-2016 01:16:42 UTC] register
[19-Feb-2016 01:16:42 UTC] index loaded
[19-Feb-2016 01:16:42 UTC] get
[19-Feb-2016 01:16:43 UTC] index loaded
[19-Feb-2016 01:16:43 UTC] get
[19-Feb-2016 01:16:43 UTC] index loaded
[19-Feb-2016 01:16:43 UTC] POST
[19-Feb-2016 01:16:43 UTC] register
[19-Feb-2016 01:16:43 UTC] index loaded
[19-Feb-2016 01:16:43 UTC] get
[19-Feb-2016 01:16:43 UTC] index loaded
[19-Feb-2016 01:16:43 UTC] get
[19-Feb-2016 01:16:43 UTC] index loaded
[19-Feb-2016 01:16:43 UTC] POST
[19-Feb-2016 01:16:43 UTC] register
[19-Feb-2016 01:16:43 UTC] index loaded
[19-Feb-2016 01:16:43 UTC] get
[19-Feb-2016 01:16:43 UTC] index loaded
[19-Feb-2016 01:16:43 UTC] get
[19-Feb-2016 01:16:43 UTC] index loaded
[19-Feb-2016 01:16:43 UTC] POST
[19-Feb-2016 01:16:43 UTC] register
[19-Feb-2016 01:16:44 UTC] index loaded
[19-Feb-2016 01:16:44 UTC] get
[19-Feb-2016 01:16:44 UTC] index loaded
[19-Feb-2016 01:16:44 UTC] get
[19-Feb-2016 01:16:44 UTC] index loaded
[19-Feb-2016 01:16:44 UTC] get
[19-Feb-2016 01:16:44 UTC] index loaded
[19-Feb-2016 01:16:44 UTC] POST
[19-Feb-2016 01:16:44 UTC] index loaded
[19-Feb-2016 01:16:44 UTC] get
[19-Feb-2016 01:16:44 UTC] index loaded
[19-Feb-2016 01:16:44 UTC] get
[19-Feb-2016 01:16:44 UTC] index loaded
[19-Feb-2016 01:16:44 UTC] get
[19-Feb-2016 01:16:45 UTC] index loaded
[19-Feb-2016 01:16:45 UTC] get
[19-Feb-2016 01:16:45 UTC] index loaded
[19-Feb-2016 01:16:45 UTC] get
[19-Feb-2016 01:16:45 UTC] index loaded
[19-Feb-2016 01:16:45 UTC] POST
[19-Feb-2016 01:16:45 UTC] index loaded
[19-Feb-2016 01:16:45 UTC] get
[19-Feb-2016 01:16:45 UTC] index loaded
[19-Feb-2016 01:16:45 UTC] get
[19-Feb-2016 01:16:45 UTC] index loaded
[19-Feb-2016 01:16:45 UTC] get
[19-Feb-2016 01:16:45 UTC] index loaded
[19-Feb-2016 01:16:45 UTC] get
[19-Feb-2016 01:16:45 UTC] index loaded
[19-Feb-2016 01:16:45 UTC] get
[19-Feb-2016 01:16:46 UTC] index loaded
[19-Feb-2016 01:16:46 UTC] get
[19-Feb-2016 01:16:46 UTC] index loaded
[19-Feb-2016 01:16:46 UTC] get
[19-Feb-2016 01:16:46 UTC] index loaded
[19-Feb-2016 01:16:46 UTC] get
[19-Feb-2016 01:16:46 UTC] index loaded
[19-Feb-2016 01:16:46 UTC] get
[19-Feb-2016 01:16:46 UTC] index loaded
[19-Feb-2016 01:16:46 UTC] get
[19-Feb-2016 01:16:46 UTC] index loaded
[19-Feb-2016 01:16:46 UTC] get
[19-Feb-2016 01:16:47 UTC] index loaded
[19-Feb-2016 01:16:47 UTC] get
[19-Feb-2016 01:16:47 UTC] index loaded
[19-Feb-2016 01:16:47 UTC] get
[19-Feb-2016 01:16:47 UTC] index loaded
[19-Feb-2016 01:16:47 UTC] get
[19-Feb-2016 01:16:47 UTC] index loaded
[19-Feb-2016 01:16:47 UTC] get
[19-Feb-2016 01:16:47 UTC] index loaded
[19-Feb-2016 01:16:47 UTC] get
[19-Feb-2016 01:16:47 UTC] index loaded
[19-Feb-2016 01:16:47 UTC] get
[19-Feb-2016 01:16:47 UTC] index loaded
[19-Feb-2016 01:16:47 UTC] POST
[19-Feb-2016 01:16:48 UTC] index loaded
[19-Feb-2016 01:16:48 UTC] get
[19-Feb-2016 01:16:48 UTC] index loaded
[19-Feb-2016 01:16:48 UTC] get
[19-Feb-2016 01:16:48 UTC] index loaded
[19-Feb-2016 01:16:48 UTC] POST
[19-Feb-2016 01:16:48 UTC] index loaded
[19-Feb-2016 01:16:48 UTC] get
[19-Feb-2016 01:16:48 UTC] index loaded
[19-Feb-2016 01:16:48 UTC] get
[19-Feb-2016 01:16:48 UTC] index loaded
[19-Feb-2016 01:16:48 UTC] POST
[19-Feb-2016 01:16:49 UTC] index loaded
[19-Feb-2016 01:16:49 UTC] get
[19-Feb-2016 01:16:49 UTC] index loaded
[19-Feb-2016 01:16:49 UTC] get
[19-Feb-2016 01:16:49 UTC] index loaded
[19-Feb-2016 01:16:49 UTC] POST
[19-Feb-2016 01:16:49 UTC] index loaded
[19-Feb-2016 01:16:49 UTC] get
[19-Feb-2016 01:19:07 UTC] index loaded
[19-Feb-2016 01:19:07 UTC] get
[19-Feb-2016 01:19:08 UTC] index loaded
[19-Feb-2016 01:19:08 UTC] get
[19-Feb-2016 01:19:08 UTC] index loaded
[19-Feb-2016 01:19:08 UTC] POST
[19-Feb-2016 01:19:08 UTC] index loaded
[19-Feb-2016 01:19:08 UTC] get
[19-Feb-2016 01:19:08 UTC] index loaded
[19-Feb-2016 01:19:08 UTC] POST
[19-Feb-2016 01:19:08 UTC] register
[19-Feb-2016 01:19:09 UTC] index loaded
[19-Feb-2016 01:19:09 UTC] get
[19-Feb-2016 01:19:09 UTC] index loaded
[19-Feb-2016 01:19:09 UTC] get
[19-Feb-2016 01:19:09 UTC] index loaded
[19-Feb-2016 01:19:09 UTC] POST
[19-Feb-2016 01:19:09 UTC] register
[19-Feb-2016 01:19:09 UTC] register valid
[19-Feb-2016 01:19:09 UTC] index loaded
[19-Feb-2016 01:19:09 UTC] get
[19-Feb-2016 01:19:09 UTC] index loaded
[19-Feb-2016 01:19:09 UTC] get
[19-Feb-2016 01:19:09 UTC] index loaded
[19-Feb-2016 01:19:09 UTC] get
[19-Feb-2016 01:19:10 UTC] index loaded
[19-Feb-2016 01:19:10 UTC] POST
[19-Feb-2016 01:19:10 UTC] register
[19-Feb-2016 01:19:10 UTC] index loaded
[19-Feb-2016 01:19:10 UTC] get
[19-Feb-2016 01:19:10 UTC] index loaded
[19-Feb-2016 01:19:10 UTC] get
[19-Feb-2016 01:19:10 UTC] index loaded
[19-Feb-2016 01:19:10 UTC] POST
[19-Feb-2016 01:19:10 UTC] register
[19-Feb-2016 01:19:10 UTC] index loaded
[19-Feb-2016 01:19:10 UTC] get
[19-Feb-2016 01:19:11 UTC] index loaded
[19-Feb-2016 01:19:11 UTC] get
[19-Feb-2016 01:19:11 UTC] index loaded
[19-Feb-2016 01:19:11 UTC] POST
[19-Feb-2016 01:19:11 UTC] register
[19-Feb-2016 01:19:11 UTC] index loaded
[19-Feb-2016 01:19:11 UTC] get
[19-Feb-2016 01:19:11 UTC] index loaded
[19-Feb-2016 01:19:11 UTC] get
[19-Feb-2016 01:19:11 UTC] index loaded
[19-Feb-2016 01:19:11 UTC] POST
[19-Feb-2016 01:19:11 UTC] register
[19-Feb-2016 01:19:11 UTC] register valid
[19-Feb-2016 01:19:11 UTC] index loaded
[19-Feb-2016 01:19:11 UTC] get
[19-Feb-2016 01:19:12 UTC] index loaded
[19-Feb-2016 01:19:12 UTC] get
[19-Feb-2016 01:19:12 UTC] index loaded
[19-Feb-2016 01:19:12 UTC] get
[19-Feb-2016 01:19:12 UTC] index loaded
[19-Feb-2016 01:19:12 UTC] POST
[19-Feb-2016 01:19:12 UTC] register
[19-Feb-2016 01:19:12 UTC] register valid
[19-Feb-2016 01:19:12 UTC] index loaded
[19-Feb-2016 01:19:12 UTC] get
[19-Feb-2016 01:19:12 UTC] index loaded
[19-Feb-2016 01:19:12 UTC] get
[19-Feb-2016 01:19:12 UTC] index loaded
[19-Feb-2016 01:19:12 UTC] get
[19-Feb-2016 01:19:13 UTC] index loaded
[19-Feb-2016 01:19:13 UTC] POST
[19-Feb-2016 01:19:13 UTC] register
[19-Feb-2016 01:19:13 UTC] index loaded
[19-Feb-2016 01:19:13 UTC] get
[19-Feb-2016 01:19:13 UTC] index loaded
[19-Feb-2016 01:19:13 UTC] POST
[19-Feb-2016 01:19:13 UTC] index loaded
[19-Feb-2016 01:19:13 UTC] get
[19-Feb-2016 01:19:13 UTC] index loaded
[19-Feb-2016 01:19:13 UTC] POST
[19-Feb-2016 01:19:13 UTC] register
[19-Feb-2016 01:19:13 UTC] register valid
[19-Feb-2016 01:19:13 UTC] index loaded
[19-Feb-2016 01:19:13 UTC] get
[19-Feb-2016 01:19:14 UTC] index loaded
[19-Feb-2016 01:19:14 UTC] get
[19-Feb-2016 01:19:14 UTC] index loaded
[19-Feb-2016 01:19:14 UTC] get
[19-Feb-2016 01:19:14 UTC] index loaded
[19-Feb-2016 01:19:14 UTC] POST
[19-Feb-2016 01:19:14 UTC] register
[19-Feb-2016 01:19:14 UTC] register valid
[19-Feb-2016 01:19:14 UTC] index loaded
[19-Feb-2016 01:19:14 UTC] get
[19-Feb-2016 01:19:14 UTC] index loaded
[19-Feb-2016 01:19:14 UTC] get
[19-Feb-2016 01:19:14 UTC] index loaded
[19-Feb-2016 01:19:14 UTC] get
[19-Feb-2016 01:19:15 UTC] index loaded
[19-Feb-2016 01:19:15 UTC] POST
[19-Feb-2016 01:19:15 UTC] index loaded
[19-Feb-2016 01:19:15 UTC] get
[19-Feb-2016 01:19:15 UTC] index loaded
[19-Feb-2016 01:19:15 UTC] get
[19-Feb-2016 01:19:15 UTC] index loaded
[19-Feb-2016 01:19:15 UTC] get
[19-Feb-2016 01:19:15 UTC] index loaded
[19-Feb-2016 01:19:15 UTC] get
[19-Feb-2016 01:19:15 UTC] index loaded
[19-Feb-2016 01:19:15 UTC] POST
[19-Feb-2016 01:19:15 UTC] index loaded
[19-Feb-2016 01:19:15 UTC] get
[19-Feb-2016 01:19:16 UTC] index loaded
[19-Feb-2016 01:19:16 UTC] get
[19-Feb-2016 01:19:16 UTC] index loaded
[19-Feb-2016 01:19:16 UTC] get
[19-Feb-2016 01:19:16 UTC] index loaded
[19-Feb-2016 01:19:16 UTC] POST
[19-Feb-2016 01:19:16 UTC] index loaded
[19-Feb-2016 01:19:16 UTC] get
[19-Feb-2016 01:19:16 UTC] index loaded
[19-Feb-2016 01:19:16 UTC] get
[19-Feb-2016 01:19:17 UTC] index loaded
[19-Feb-2016 01:19:17 UTC] get
[19-Feb-2016 01:19:17 UTC] index loaded
[19-Feb-2016 01:19:17 UTC] POST
[19-Feb-2016 01:19:17 UTC] index loaded
[19-Feb-2016 01:19:17 UTC] get
[19-Feb-2016 01:19:17 UTC] index loaded
[19-Feb-2016 01:19:17 UTC] get
[19-Feb-2016 01:19:17 UTC] index loaded
[19-Feb-2016 01:19:17 UTC] get
[19-Feb-2016 01:19:17 UTC] index loaded
[19-Feb-2016 01:19:17 UTC] POST
[19-Feb-2016 01:19:34 UTC] index loaded
[19-Feb-2016 01:19:34 UTC] get
[19-Feb-2016 01:19:35 UTC] index loaded
[19-Feb-2016 01:19:35 UTC] get
[19-Feb-2016 01:19:35 UTC] index loaded
[19-Feb-2016 01:19:35 UTC] POST
[19-Feb-2016 01:19:35 UTC] index loaded
[19-Feb-2016 01:19:35 UTC] get
[19-Feb-2016 01:19:35 UTC] index loaded
[19-Feb-2016 01:19:35 UTC] POST
[19-Feb-2016 01:19:35 UTC] register
[19-Feb-2016 01:19:36 UTC] index loaded
[19-Feb-2016 01:19:36 UTC] get
[19-Feb-2016 01:19:36 UTC] index loaded
[19-Feb-2016 01:19:36 UTC] get
[19-Feb-2016 01:19:36 UTC] index loaded
[19-Feb-2016 01:19:36 UTC] POST
[19-Feb-2016 01:19:36 UTC] register
[19-Feb-2016 01:19:36 UTC] register valid
[19-Feb-2016 01:19:36 UTC] index loaded
[19-Feb-2016 01:19:36 UTC] get
[19-Feb-2016 01:19:36 UTC] index loaded
[19-Feb-2016 01:19:36 UTC] get
[19-Feb-2016 01:19:36 UTC] index loaded
[19-Feb-2016 01:19:36 UTC] get
[19-Feb-2016 01:19:37 UTC] index loaded
[19-Feb-2016 01:19:37 UTC] POST
[19-Feb-2016 01:19:37 UTC] register
[19-Feb-2016 01:19:37 UTC] index loaded
[19-Feb-2016 01:19:37 UTC] get
[19-Feb-2016 01:19:37 UTC] index loaded
[19-Feb-2016 01:19:37 UTC] get
[19-Feb-2016 01:19:37 UTC] index loaded
[19-Feb-2016 01:19:37 UTC] POST
[19-Feb-2016 01:19:37 UTC] register
[19-Feb-2016 01:19:37 UTC] index loaded
[19-Feb-2016 01:19:37 UTC] get
[19-Feb-2016 01:19:37 UTC] index loaded
[19-Feb-2016 01:19:37 UTC] get
[19-Feb-2016 01:19:38 UTC] index loaded
[19-Feb-2016 01:19:38 UTC] POST
[19-Feb-2016 01:19:38 UTC] register
[19-Feb-2016 01:19:38 UTC] index loaded
[19-Feb-2016 01:19:38 UTC] get
[19-Feb-2016 01:19:38 UTC] index loaded
[19-Feb-2016 01:19:38 UTC] get
[19-Feb-2016 01:19:38 UTC] index loaded
[19-Feb-2016 01:19:38 UTC] POST
[19-Feb-2016 01:19:38 UTC] register
[19-Feb-2016 01:19:38 UTC] register valid
[19-Feb-2016 01:19:38 UTC] index loaded
[19-Feb-2016 01:19:38 UTC] get
[19-Feb-2016 01:19:38 UTC] index loaded
[19-Feb-2016 01:19:38 UTC] get
[19-Feb-2016 01:19:39 UTC] index loaded
[19-Feb-2016 01:19:39 UTC] get
[19-Feb-2016 01:19:39 UTC] index loaded
[19-Feb-2016 01:19:39 UTC] POST
[19-Feb-2016 01:19:39 UTC] register
[19-Feb-2016 01:19:39 UTC] register valid
[19-Feb-2016 01:19:39 UTC] index loaded
[19-Feb-2016 01:19:39 UTC] get
[19-Feb-2016 01:19:39 UTC] index loaded
[19-Feb-2016 01:19:39 UTC] get
[19-Feb-2016 01:19:39 UTC] index loaded
[19-Feb-2016 01:19:39 UTC] get
[19-Feb-2016 01:19:39 UTC] index loaded
[19-Feb-2016 01:19:39 UTC] POST
[19-Feb-2016 01:19:39 UTC] register
[19-Feb-2016 01:19:40 UTC] index loaded
[19-Feb-2016 01:19:40 UTC] get
[19-Feb-2016 01:19:40 UTC] index loaded
[19-Feb-2016 01:19:40 UTC] POST
[19-Feb-2016 01:19:40 UTC] index loaded
[19-Feb-2016 01:19:40 UTC] get
[19-Feb-2016 01:19:40 UTC] index loaded
[19-Feb-2016 01:19:40 UTC] POST
[19-Feb-2016 01:19:40 UTC] register
[19-Feb-2016 01:19:40 UTC] register valid
[19-Feb-2016 01:19:40 UTC] index loaded
[19-Feb-2016 01:19:40 UTC] get
[19-Feb-2016 01:19:40 UTC] index loaded
[19-Feb-2016 01:19:40 UTC] get
[19-Feb-2016 01:19:41 UTC] index loaded
[19-Feb-2016 01:19:41 UTC] get
[19-Feb-2016 01:19:41 UTC] index loaded
[19-Feb-2016 01:19:41 UTC] get
[19-Feb-2016 01:19:41 UTC] index loaded
[19-Feb-2016 01:19:41 UTC] get
[19-Feb-2016 01:19:41 UTC] index loaded
[19-Feb-2016 01:19:41 UTC] POST
[19-Feb-2016 01:19:41 UTC] index loaded
[19-Feb-2016 01:19:41 UTC] get
[19-Feb-2016 01:19:41 UTC] index loaded
[19-Feb-2016 01:19:41 UTC] get
[19-Feb-2016 01:19:42 UTC] index loaded
[19-Feb-2016 01:19:42 UTC] get
[19-Feb-2016 01:19:42 UTC] index loaded
[19-Feb-2016 01:19:42 UTC] get
[19-Feb-2016 01:19:42 UTC] index loaded
[19-Feb-2016 01:19:42 UTC] POST
[19-Feb-2016 01:19:42 UTC] index loaded
[19-Feb-2016 01:19:42 UTC] get
[19-Feb-2016 01:19:42 UTC] index loaded
[19-Feb-2016 01:19:42 UTC] get
[19-Feb-2016 01:19:42 UTC] index loaded
[19-Feb-2016 01:19:42 UTC] get
[19-Feb-2016 01:19:43 UTC] index loaded
[19-Feb-2016 01:19:43 UTC] POST
[19-Feb-2016 01:19:43 UTC] index loaded
[19-Feb-2016 01:19:43 UTC] get
[19-Feb-2016 01:19:43 UTC] index loaded
[19-Feb-2016 01:19:43 UTC] get
[19-Feb-2016 01:19:43 UTC] index loaded
[19-Feb-2016 01:19:43 UTC] get
[19-Feb-2016 01:19:43 UTC] index loaded
[19-Feb-2016 01:19:43 UTC] POST
[19-Feb-2016 01:19:44 UTC] index loaded
[19-Feb-2016 01:19:44 UTC] get
[19-Feb-2016 01:19:44 UTC] index loaded
[19-Feb-2016 01:19:44 UTC] get
[19-Feb-2016 01:19:44 UTC] index loaded
[19-Feb-2016 01:19:44 UTC] get
[19-Feb-2016 01:19:44 UTC] index loaded
[19-Feb-2016 01:19:44 UTC] POST
[19-Feb-2016 01:19:44 UTC] index loaded
[19-Feb-2016 01:19:44 UTC] get
[19-Feb-2016 01:19:44 UTC] index loaded
[19-Feb-2016 01:19:44 UTC] get
[19-Feb-2016 01:19:44 UTC] index loaded
[19-Feb-2016 01:19:44 UTC] POST
[19-Feb-2016 01:19:45 UTC] index loaded
[19-Feb-2016 01:19:45 UTC] get
[19-Feb-2016 01:19:45 UTC] index loaded
[19-Feb-2016 01:19:45 UTC] get
[19-Feb-2016 01:19:45 UTC] index loaded
[19-Feb-2016 01:19:45 UTC] POST
[19-Feb-2016 01:19:45 UTC] index loaded
[19-Feb-2016 01:19:45 UTC] get
[19-Feb-2016 01:19:45 UTC] index loaded
[19-Feb-2016 01:19:45 UTC] get
[19-Feb-2016 01:19:45 UTC] index loaded
[19-Feb-2016 01:19:45 UTC] get
[19-Feb-2016 01:19:46 UTC] index loaded
[19-Feb-2016 01:19:46 UTC] POST
[19-Feb-2016 01:19:46 UTC] index loaded
[19-Feb-2016 01:19:46 UTC] get
[19-Feb-2016 01:19:46 UTC] index loaded
[19-Feb-2016 01:19:46 UTC] get
[19-Feb-2016 01:19:46 UTC] index loaded
[19-Feb-2016 01:19:46 UTC] POST
[19-Feb-2016 01:19:46 UTC] index loaded
[19-Feb-2016 01:19:46 UTC] get
[19-Feb-2016 01:19:47 UTC] index loaded
[19-Feb-2016 01:19:47 UTC] get
[19-Feb-2016 01:19:47 UTC] index loaded
[19-Feb-2016 01:19:47 UTC] get
[19-Feb-2016 01:19:47 UTC] index loaded
[19-Feb-2016 01:19:47 UTC] POST
[19-Feb-2016 01:19:47 UTC] index loaded
[19-Feb-2016 01:19:47 UTC] get
[19-Feb-2016 01:20:58 UTC] index loaded
[19-Feb-2016 01:20:58 UTC] get
[19-Feb-2016 01:23:09 UTC] index loaded
[19-Feb-2016 01:23:09 UTC] get
[19-Feb-2016 01:23:10 UTC] index loaded
[19-Feb-2016 01:23:10 UTC] get
[19-Feb-2016 01:23:10 UTC] index loaded
[19-Feb-2016 01:23:10 UTC] POST
[19-Feb-2016 01:23:10 UTC] index loaded
[19-Feb-2016 01:23:10 UTC] get
[19-Feb-2016 01:23:10 UTC] index loaded
[19-Feb-2016 01:23:10 UTC] POST
[19-Feb-2016 01:23:10 UTC] register
[19-Feb-2016 01:23:10 UTC] index loaded
[19-Feb-2016 01:23:10 UTC] get
[19-Feb-2016 01:23:10 UTC] index loaded
[19-Feb-2016 01:23:10 UTC] get
[19-Feb-2016 01:23:11 UTC] index loaded
[19-Feb-2016 01:23:11 UTC] POST
[19-Feb-2016 01:23:11 UTC] register
[19-Feb-2016 01:23:11 UTC] index loaded
[19-Feb-2016 01:23:11 UTC] get
[19-Feb-2016 01:23:11 UTC] index loaded
[19-Feb-2016 01:23:11 UTC] get
[19-Feb-2016 01:23:11 UTC] index loaded
[19-Feb-2016 01:23:11 UTC] POST
[19-Feb-2016 01:23:11 UTC] register
[19-Feb-2016 01:23:11 UTC] index loaded
[19-Feb-2016 01:23:11 UTC] get
[19-Feb-2016 01:23:11 UTC] index loaded
[19-Feb-2016 01:23:11 UTC] get
[19-Feb-2016 01:23:12 UTC] index loaded
[19-Feb-2016 01:23:12 UTC] POST
[19-Feb-2016 01:23:12 UTC] register
[19-Feb-2016 01:23:12 UTC] index loaded
[19-Feb-2016 01:23:12 UTC] get
[19-Feb-2016 01:23:12 UTC] index loaded
[19-Feb-2016 01:23:12 UTC] get
[19-Feb-2016 01:23:12 UTC] index loaded
[19-Feb-2016 01:23:12 UTC] POST
[19-Feb-2016 01:23:12 UTC] register
[19-Feb-2016 01:23:12 UTC] index loaded
[19-Feb-2016 01:23:12 UTC] get
[19-Feb-2016 01:23:13 UTC] index loaded
[19-Feb-2016 01:23:13 UTC] get
[19-Feb-2016 01:23:13 UTC] index loaded
[19-Feb-2016 01:23:13 UTC] POST
[19-Feb-2016 01:23:13 UTC] register
[19-Feb-2016 01:23:13 UTC] index loaded
[19-Feb-2016 01:23:13 UTC] get
[19-Feb-2016 01:23:13 UTC] index loaded
[19-Feb-2016 01:23:13 UTC] get
[19-Feb-2016 01:23:13 UTC] index loaded
[19-Feb-2016 01:23:13 UTC] POST
[19-Feb-2016 01:23:13 UTC] register
[19-Feb-2016 01:23:13 UTC] register valid
[19-Feb-2016 01:23:13 UTC] index loaded
[19-Feb-2016 01:23:13 UTC] get
[19-Feb-2016 01:23:14 UTC] index loaded
[19-Feb-2016 01:23:14 UTC] get
[19-Feb-2016 01:23:14 UTC] index loaded
[19-Feb-2016 01:23:14 UTC] get
[19-Feb-2016 01:23:14 UTC] index loaded
[19-Feb-2016 01:23:14 UTC] POST
[19-Feb-2016 01:23:14 UTC] register
[19-Feb-2016 01:23:14 UTC] index loaded
[19-Feb-2016 01:23:14 UTC] get
[19-Feb-2016 01:23:14 UTC] index loaded
[19-Feb-2016 01:23:14 UTC] POST
[19-Feb-2016 01:23:15 UTC] index loaded
[19-Feb-2016 01:23:15 UTC] get
[19-Feb-2016 01:23:15 UTC] index loaded
[19-Feb-2016 01:23:15 UTC] POST
[19-Feb-2016 01:23:15 UTC] register
[19-Feb-2016 01:23:15 UTC] register valid
[19-Feb-2016 01:23:15 UTC] index loaded
[19-Feb-2016 01:23:15 UTC] get
[19-Feb-2016 01:23:15 UTC] index loaded
[19-Feb-2016 01:23:15 UTC] get
[19-Feb-2016 01:23:42 UTC] index loaded
[19-Feb-2016 01:23:42 UTC] POST
[19-Feb-2016 01:23:42 UTC] register
[19-Feb-2016 01:25:18 UTC] index loaded
[19-Feb-2016 01:25:18 UTC] get
[19-Feb-2016 01:25:18 UTC] index loaded
[19-Feb-2016 01:25:18 UTC] get
[19-Feb-2016 01:25:19 UTC] index loaded
[19-Feb-2016 01:25:19 UTC] POST
[19-Feb-2016 01:25:19 UTC] index loaded
[19-Feb-2016 01:25:19 UTC] get
[19-Feb-2016 01:25:19 UTC] index loaded
[19-Feb-2016 01:25:19 UTC] POST
[19-Feb-2016 01:25:19 UTC] register
[19-Feb-2016 01:25:19 UTC] index loaded
[19-Feb-2016 01:25:19 UTC] get
[19-Feb-2016 01:25:19 UTC] index loaded
[19-Feb-2016 01:25:19 UTC] get
[19-Feb-2016 01:25:20 UTC] index loaded
[19-Feb-2016 01:25:20 UTC] POST
[19-Feb-2016 01:25:20 UTC] register
[19-Feb-2016 01:25:20 UTC] index loaded
[19-Feb-2016 01:25:20 UTC] get
[19-Feb-2016 01:25:20 UTC] index loaded
[19-Feb-2016 01:25:20 UTC] get
[19-Feb-2016 01:25:20 UTC] index loaded
[19-Feb-2016 01:25:20 UTC] POST
[19-Feb-2016 01:25:20 UTC] register
[19-Feb-2016 01:25:20 UTC] index loaded
[19-Feb-2016 01:25:20 UTC] get
[19-Feb-2016 01:25:20 UTC] index loaded
[19-Feb-2016 01:25:20 UTC] get
[19-Feb-2016 01:25:21 UTC] index loaded
[19-Feb-2016 01:25:21 UTC] POST
[19-Feb-2016 01:25:21 UTC] register
[19-Feb-2016 01:25:21 UTC] index loaded
[19-Feb-2016 01:25:21 UTC] get
[19-Feb-2016 01:25:21 UTC] index loaded
[19-Feb-2016 01:25:21 UTC] get
[19-Feb-2016 01:25:21 UTC] index loaded
[19-Feb-2016 01:25:21 UTC] POST
[19-Feb-2016 01:25:21 UTC] register
[19-Feb-2016 01:25:21 UTC] index loaded
[19-Feb-2016 01:25:21 UTC] get
[19-Feb-2016 01:25:21 UTC] index loaded
[19-Feb-2016 01:25:21 UTC] get
[19-Feb-2016 01:25:22 UTC] index loaded
[19-Feb-2016 01:25:22 UTC] POST
[19-Feb-2016 01:25:22 UTC] register
[19-Feb-2016 01:25:22 UTC] index loaded
[19-Feb-2016 01:25:22 UTC] get
[19-Feb-2016 01:25:22 UTC] index loaded
[19-Feb-2016 01:25:22 UTC] get
[19-Feb-2016 01:25:22 UTC] index loaded
[19-Feb-2016 01:25:22 UTC] POST
[19-Feb-2016 01:25:22 UTC] register
[19-Feb-2016 01:25:22 UTC] register valid
[19-Feb-2016 01:25:22 UTC] index loaded
[19-Feb-2016 01:25:22 UTC] get
[19-Feb-2016 01:25:23 UTC] index loaded
[19-Feb-2016 01:25:23 UTC] get
[19-Feb-2016 01:25:23 UTC] index loaded
[19-Feb-2016 01:25:23 UTC] get
[19-Feb-2016 01:25:23 UTC] index loaded
[19-Feb-2016 01:25:23 UTC] POST
[19-Feb-2016 01:25:23 UTC] register
[19-Feb-2016 01:25:23 UTC] index loaded
[19-Feb-2016 01:25:23 UTC] get
[19-Feb-2016 01:25:23 UTC] index loaded
[19-Feb-2016 01:25:23 UTC] POST
[19-Feb-2016 01:25:23 UTC] index loaded
[19-Feb-2016 01:25:23 UTC] get
[19-Feb-2016 01:25:24 UTC] index loaded
[19-Feb-2016 01:25:24 UTC] get
[19-Feb-2016 01:25:24 UTC] index loaded
[19-Feb-2016 01:25:24 UTC] get
[19-Feb-2016 01:25:24 UTC] index loaded
[19-Feb-2016 01:25:24 UTC] POST
[19-Feb-2016 01:25:24 UTC] register
[19-Feb-2016 01:25:24 UTC] register valid
[19-Feb-2016 01:25:24 UTC] index loaded
[19-Feb-2016 01:25:24 UTC] get
[19-Feb-2016 01:25:24 UTC] index loaded
[19-Feb-2016 01:25:24 UTC] get
[19-Feb-2016 01:25:25 UTC] index loaded
[19-Feb-2016 01:25:25 UTC] get
[19-Feb-2016 01:25:25 UTC] index loaded
[19-Feb-2016 01:25:25 UTC] POST
[19-Feb-2016 01:25:25 UTC] index loaded
[19-Feb-2016 01:25:25 UTC] get
[19-Feb-2016 01:25:25 UTC] index loaded
[19-Feb-2016 01:25:25 UTC] get
[19-Feb-2016 01:25:25 UTC] index loaded
[19-Feb-2016 01:25:25 UTC] get
[19-Feb-2016 01:25:25 UTC] index loaded
[19-Feb-2016 01:25:25 UTC] get
[19-Feb-2016 01:25:26 UTC] index loaded
[19-Feb-2016 01:25:26 UTC] POST
[19-Feb-2016 01:25:26 UTC] index loaded
[19-Feb-2016 01:25:26 UTC] get
[19-Feb-2016 01:25:26 UTC] index loaded
[19-Feb-2016 01:25:26 UTC] get
[19-Feb-2016 01:25:26 UTC] index loaded
[19-Feb-2016 01:25:26 UTC] get
[19-Feb-2016 01:25:26 UTC] index loaded
[19-Feb-2016 01:25:26 UTC] POST
[19-Feb-2016 01:25:26 UTC] index loaded
[19-Feb-2016 01:25:26 UTC] get
[19-Feb-2016 01:25:27 UTC] index loaded
[19-Feb-2016 01:25:27 UTC] get
[19-Feb-2016 01:25:27 UTC] index loaded
[19-Feb-2016 01:25:27 UTC] get
[19-Feb-2016 01:25:27 UTC] index loaded
[19-Feb-2016 01:25:27 UTC] POST
[19-Feb-2016 01:25:27 UTC] index loaded
[19-Feb-2016 01:25:27 UTC] get
[19-Feb-2016 01:25:27 UTC] index loaded
[19-Feb-2016 01:25:27 UTC] get
[19-Feb-2016 01:25:27 UTC] index loaded
[19-Feb-2016 01:25:27 UTC] get
[19-Feb-2016 01:25:28 UTC] index loaded
[19-Feb-2016 01:25:28 UTC] POST
[19-Feb-2016 01:25:28 UTC] index loaded
[19-Feb-2016 01:25:28 UTC] get
[19-Feb-2016 01:25:28 UTC] index loaded
[19-Feb-2016 01:25:28 UTC] get
[19-Feb-2016 01:25:28 UTC] index loaded
[19-Feb-2016 01:25:28 UTC] POST
[19-Feb-2016 01:25:28 UTC] index loaded
[19-Feb-2016 01:25:28 UTC] get
[19-Feb-2016 01:25:28 UTC] index loaded
[19-Feb-2016 01:25:28 UTC] get
[19-Feb-2016 01:25:28 UTC] index loaded
[19-Feb-2016 01:25:28 UTC] POST
[19-Feb-2016 01:25:28 UTC] index loaded
[19-Feb-2016 01:25:28 UTC] get
[19-Feb-2016 01:25:29 UTC] index loaded
[19-Feb-2016 01:25:29 UTC] get
[19-Feb-2016 01:25:29 UTC] index loaded
[19-Feb-2016 01:25:29 UTC] get
[19-Feb-2016 01:25:29 UTC] index loaded
[19-Feb-2016 01:25:29 UTC] POST
[19-Feb-2016 01:25:29 UTC] index loaded
[19-Feb-2016 01:25:29 UTC] get
[19-Feb-2016 01:25:29 UTC] index loaded
[19-Feb-2016 01:25:29 UTC] get
[19-Feb-2016 01:25:30 UTC] index loaded
[19-Feb-2016 01:25:30 UTC] get
[19-Feb-2016 01:25:30 UTC] index loaded
[19-Feb-2016 01:25:30 UTC] POST
[19-Feb-2016 01:25:30 UTC] index loaded
[19-Feb-2016 01:25:30 UTC] get
[19-Feb-2016 01:25:30 UTC] index loaded
[19-Feb-2016 01:25:30 UTC] get
[19-Feb-2016 01:25:30 UTC] index loaded
[19-Feb-2016 01:25:30 UTC] get
[19-Feb-2016 01:25:30 UTC] index loaded
[19-Feb-2016 01:25:30 UTC] POST
[19-Feb-2016 01:25:31 UTC] index loaded
[19-Feb-2016 01:25:31 UTC] get
[19-Feb-2016 01:25:31 UTC] index loaded
[19-Feb-2016 01:25:31 UTC] get
[19-Feb-2016 01:25:37 UTC] index loaded
[19-Feb-2016 01:25:37 UTC] get
[19-Feb-2016 01:25:37 UTC] index loaded
[19-Feb-2016 01:25:37 UTC] get
[19-Feb-2016 01:25:37 UTC] index loaded
[19-Feb-2016 01:25:37 UTC] get
[19-Feb-2016 01:25:37 UTC] index loaded
[19-Feb-2016 01:25:37 UTC] POST
[19-Feb-2016 01:25:37 UTC] register
[19-Feb-2016 01:25:38 UTC] index loaded
[19-Feb-2016 01:25:38 UTC] get
[19-Feb-2016 01:25:38 UTC] index loaded
[19-Feb-2016 01:25:38 UTC] get
[19-Feb-2016 01:25:38 UTC] index loaded
[19-Feb-2016 01:25:38 UTC] POST
[19-Feb-2016 01:25:38 UTC] register
[19-Feb-2016 01:25:38 UTC] index loaded
[19-Feb-2016 01:25:38 UTC] get
[19-Feb-2016 01:25:38 UTC] index loaded
[19-Feb-2016 01:25:38 UTC] get
[19-Feb-2016 01:25:38 UTC] index loaded
[19-Feb-2016 01:25:38 UTC] POST
[19-Feb-2016 01:25:38 UTC] register
[19-Feb-2016 01:25:38 UTC] index loaded
[19-Feb-2016 01:25:38 UTC] get
[19-Feb-2016 01:25:38 UTC] index loaded
[19-Feb-2016 01:25:38 UTC] get
[19-Feb-2016 01:25:38 UTC] index loaded
[19-Feb-2016 01:25:38 UTC] POST
[19-Feb-2016 01:25:38 UTC] register
[19-Feb-2016 01:25:39 UTC] index loaded
[19-Feb-2016 01:25:39 UTC] get
[19-Feb-2016 01:25:39 UTC] index loaded
[19-Feb-2016 01:25:39 UTC] get
[19-Feb-2016 01:25:39 UTC] index loaded
[19-Feb-2016 01:25:39 UTC] POST
[19-Feb-2016 01:25:39 UTC] register
[19-Feb-2016 01:25:39 UTC] index loaded
[19-Feb-2016 01:25:39 UTC] get
[19-Feb-2016 01:25:39 UTC] index loaded
[19-Feb-2016 01:25:39 UTC] get
[19-Feb-2016 01:25:39 UTC] index loaded
[19-Feb-2016 01:25:39 UTC] POST
[19-Feb-2016 01:25:39 UTC] register
[19-Feb-2016 01:25:39 UTC] index loaded
[19-Feb-2016 01:25:39 UTC] get
[19-Feb-2016 01:25:39 UTC] index loaded
[19-Feb-2016 01:25:39 UTC] get
[19-Feb-2016 01:25:39 UTC] index loaded
[19-Feb-2016 01:25:39 UTC] POST
[19-Feb-2016 01:25:39 UTC] register
[19-Feb-2016 01:25:48 UTC] index loaded
[19-Feb-2016 01:25:48 UTC] get
[19-Feb-2016 01:25:49 UTC] index loaded
[19-Feb-2016 01:25:49 UTC] get
[19-Feb-2016 01:25:49 UTC] index loaded
[19-Feb-2016 01:25:49 UTC] POST
[19-Feb-2016 01:25:50 UTC] index loaded
[19-Feb-2016 01:25:50 UTC] get
[19-Feb-2016 01:25:50 UTC] index loaded
[19-Feb-2016 01:25:50 UTC] POST
[19-Feb-2016 01:25:50 UTC] register
[19-Feb-2016 01:25:50 UTC] index loaded
[19-Feb-2016 01:25:50 UTC] get
[19-Feb-2016 01:25:50 UTC] index loaded
[19-Feb-2016 01:25:50 UTC] get
[19-Feb-2016 01:25:50 UTC] index loaded
[19-Feb-2016 01:25:50 UTC] POST
[19-Feb-2016 01:25:50 UTC] register
[19-Feb-2016 01:25:50 UTC] index loaded
[19-Feb-2016 01:25:50 UTC] get
[19-Feb-2016 01:25:51 UTC] index loaded
[19-Feb-2016 01:25:51 UTC] get
[19-Feb-2016 01:25:51 UTC] index loaded
[19-Feb-2016 01:25:51 UTC] POST
[19-Feb-2016 01:25:51 UTC] register
[19-Feb-2016 01:25:51 UTC] index loaded
[19-Feb-2016 01:25:51 UTC] get
[19-Feb-2016 01:25:51 UTC] index loaded
[19-Feb-2016 01:25:51 UTC] get
[19-Feb-2016 01:25:51 UTC] index loaded
[19-Feb-2016 01:25:51 UTC] POST
[19-Feb-2016 01:25:51 UTC] register
[19-Feb-2016 01:25:52 UTC] index loaded
[19-Feb-2016 01:25:52 UTC] get
[19-Feb-2016 01:25:52 UTC] index loaded
[19-Feb-2016 01:25:52 UTC] get
[19-Feb-2016 01:25:52 UTC] index loaded
[19-Feb-2016 01:25:52 UTC] POST
[19-Feb-2016 01:25:52 UTC] register
[19-Feb-2016 01:25:52 UTC] index loaded
[19-Feb-2016 01:25:52 UTC] get
[19-Feb-2016 01:25:52 UTC] index loaded
[19-Feb-2016 01:25:52 UTC] get
[19-Feb-2016 01:25:52 UTC] index loaded
[19-Feb-2016 01:25:52 UTC] POST
[19-Feb-2016 01:25:52 UTC] register
[19-Feb-2016 01:25:53 UTC] index loaded
[19-Feb-2016 01:25:53 UTC] get
[19-Feb-2016 01:25:53 UTC] index loaded
[19-Feb-2016 01:25:53 UTC] get
[19-Feb-2016 01:25:53 UTC] index loaded
[19-Feb-2016 01:25:53 UTC] POST
[19-Feb-2016 01:25:53 UTC] register
[19-Feb-2016 01:25:53 UTC] register valid
[19-Feb-2016 01:25:53 UTC] index loaded
[19-Feb-2016 01:25:53 UTC] get
[19-Feb-2016 01:25:53 UTC] index loaded
[19-Feb-2016 01:25:53 UTC] get
[19-Feb-2016 01:25:53 UTC] index loaded
[19-Feb-2016 01:25:53 UTC] get
[19-Feb-2016 01:25:54 UTC] index loaded
[19-Feb-2016 01:25:54 UTC] POST
[19-Feb-2016 01:25:54 UTC] register
[19-Feb-2016 01:25:54 UTC] index loaded
[19-Feb-2016 01:25:54 UTC] get
[19-Feb-2016 01:25:54 UTC] index loaded
[19-Feb-2016 01:25:54 UTC] POST
[19-Feb-2016 01:25:54 UTC] index loaded
[19-Feb-2016 01:25:54 UTC] get
[19-Feb-2016 01:25:54 UTC] index loaded
[19-Feb-2016 01:25:54 UTC] POST
[19-Feb-2016 01:25:54 UTC] register
[19-Feb-2016 01:25:55 UTC] register valid
[19-Feb-2016 01:25:55 UTC] index loaded
[19-Feb-2016 01:25:55 UTC] get
[19-Feb-2016 01:25:55 UTC] index loaded
[19-Feb-2016 01:25:55 UTC] get
[19-Feb-2016 01:25:55 UTC] index loaded
[19-Feb-2016 01:25:55 UTC] get
[19-Feb-2016 01:25:55 UTC] index loaded
[19-Feb-2016 01:25:55 UTC] POST
[19-Feb-2016 01:25:55 UTC] register
[19-Feb-2016 01:25:55 UTC] register valid
[19-Feb-2016 01:25:55 UTC] index loaded
[19-Feb-2016 01:25:55 UTC] get
[19-Feb-2016 01:25:55 UTC] index loaded
[19-Feb-2016 01:25:55 UTC] get
[19-Feb-2016 01:25:56 UTC] index loaded
[19-Feb-2016 01:25:56 UTC] get
[19-Feb-2016 01:25:56 UTC] index loaded
[19-Feb-2016 01:25:56 UTC] POST
[19-Feb-2016 01:25:56 UTC] index loaded
[19-Feb-2016 01:25:56 UTC] get
[19-Feb-2016 01:25:56 UTC] index loaded
[19-Feb-2016 01:25:56 UTC] get
[19-Feb-2016 01:25:56 UTC] index loaded
[19-Feb-2016 01:25:56 UTC] get
[19-Feb-2016 01:25:56 UTC] index loaded
[19-Feb-2016 01:25:56 UTC] get
[19-Feb-2016 01:25:57 UTC] index loaded
[19-Feb-2016 01:25:57 UTC] POST
[19-Feb-2016 01:25:57 UTC] index loaded
[19-Feb-2016 01:25:57 UTC] get
[19-Feb-2016 01:25:57 UTC] index loaded
[19-Feb-2016 01:25:57 UTC] get
[19-Feb-2016 01:25:57 UTC] index loaded
[19-Feb-2016 01:25:57 UTC] get
[19-Feb-2016 01:25:57 UTC] index loaded
[19-Feb-2016 01:25:57 UTC] POST
[19-Feb-2016 01:25:57 UTC] index loaded
[19-Feb-2016 01:25:57 UTC] get
[19-Feb-2016 01:25:58 UTC] index loaded
[19-Feb-2016 01:25:58 UTC] get
[19-Feb-2016 01:25:58 UTC] index loaded
[19-Feb-2016 01:25:58 UTC] get
[19-Feb-2016 01:25:58 UTC] index loaded
[19-Feb-2016 01:25:58 UTC] POST
[19-Feb-2016 01:25:58 UTC] index loaded
[19-Feb-2016 01:25:58 UTC] get
[19-Feb-2016 01:25:58 UTC] index loaded
[19-Feb-2016 01:25:58 UTC] get
[19-Feb-2016 01:25:59 UTC] index loaded
[19-Feb-2016 01:25:59 UTC] get
[19-Feb-2016 01:25:59 UTC] index loaded
[19-Feb-2016 01:25:59 UTC] POST
[19-Feb-2016 01:25:59 UTC] index loaded
[19-Feb-2016 01:25:59 UTC] get
[19-Feb-2016 01:25:59 UTC] index loaded
[19-Feb-2016 01:25:59 UTC] get
[19-Feb-2016 01:25:59 UTC] index loaded
[19-Feb-2016 01:25:59 UTC] POST
[19-Feb-2016 01:25:59 UTC] index loaded
[19-Feb-2016 01:25:59 UTC] get
[19-Feb-2016 01:25:59 UTC] index loaded
[19-Feb-2016 01:25:59 UTC] get
[19-Feb-2016 01:25:59 UTC] index loaded
[19-Feb-2016 01:26:00 UTC] POST
[19-Feb-2016 01:26:00 UTC] index loaded
[19-Feb-2016 01:26:00 UTC] get
[19-Feb-2016 01:26:00 UTC] index loaded
[19-Feb-2016 01:26:00 UTC] get
[19-Feb-2016 01:26:00 UTC] index loaded
[19-Feb-2016 01:26:00 UTC] get
[19-Feb-2016 01:26:00 UTC] index loaded
[19-Feb-2016 01:26:00 UTC] POST
[19-Feb-2016 01:26:00 UTC] index loaded
[19-Feb-2016 01:26:00 UTC] get
[19-Feb-2016 01:26:01 UTC] index loaded
[19-Feb-2016 01:26:01 UTC] get
[19-Feb-2016 01:26:01 UTC] index loaded
[19-Feb-2016 01:26:01 UTC] get
[19-Feb-2016 01:26:01 UTC] index loaded
[19-Feb-2016 01:26:01 UTC] POST
[19-Feb-2016 01:26:01 UTC] index loaded
[19-Feb-2016 01:26:01 UTC] get
[19-Feb-2016 01:26:01 UTC] index loaded
[19-Feb-2016 01:26:01 UTC] get
[19-Feb-2016 01:26:01 UTC] index loaded
[19-Feb-2016 01:26:01 UTC] get
[19-Feb-2016 01:26:02 UTC] index loaded
[19-Feb-2016 01:26:02 UTC] POST
[19-Feb-2016 01:26:02 UTC] index loaded
[19-Feb-2016 01:26:02 UTC] get
[19-Feb-2016 01:26:02 UTC] index loaded
[19-Feb-2016 01:26:02 UTC] get
[19-Feb-2016 01:26:35 UTC] index loaded
[19-Feb-2016 01:26:35 UTC] POST
[19-Feb-2016 01:26:36 UTC] index loaded
[19-Feb-2016 01:26:36 UTC] get
[19-Feb-2016 01:26:57 UTC] index loaded
[19-Feb-2016 01:26:57 UTC] get
[19-Feb-2016 01:26:58 UTC] index loaded
[19-Feb-2016 01:26:58 UTC] get
[19-Feb-2016 01:26:58 UTC] index loaded
[19-Feb-2016 01:26:58 UTC] get
[19-Feb-2016 01:26:58 UTC] index loaded
[19-Feb-2016 01:26:58 UTC] POST
[19-Feb-2016 01:26:58 UTC] register
[19-Feb-2016 01:26:58 UTC] index loaded
[19-Feb-2016 01:26:58 UTC] get
[19-Feb-2016 01:26:58 UTC] index loaded
[19-Feb-2016 01:26:58 UTC] get
[19-Feb-2016 01:26:58 UTC] index loaded
[19-Feb-2016 01:26:58 UTC] POST
[19-Feb-2016 01:26:58 UTC] register
[19-Feb-2016 01:26:58 UTC] index loaded
[19-Feb-2016 01:26:58 UTC] get
[19-Feb-2016 01:26:58 UTC] index loaded
[19-Feb-2016 01:26:58 UTC] get
[19-Feb-2016 01:26:59 UTC] index loaded
[19-Feb-2016 01:26:59 UTC] POST
[19-Feb-2016 01:26:59 UTC] register
[19-Feb-2016 01:26:59 UTC] index loaded
[19-Feb-2016 01:26:59 UTC] get
[19-Feb-2016 01:26:59 UTC] index loaded
[19-Feb-2016 01:26:59 UTC] get
[19-Feb-2016 01:26:59 UTC] index loaded
[19-Feb-2016 01:26:59 UTC] POST
[19-Feb-2016 01:26:59 UTC] register
[19-Feb-2016 01:26:59 UTC] index loaded
[19-Feb-2016 01:26:59 UTC] get
[19-Feb-2016 01:26:59 UTC] index loaded
[19-Feb-2016 01:26:59 UTC] get
[19-Feb-2016 01:26:59 UTC] index loaded
[19-Feb-2016 01:26:59 UTC] POST
[19-Feb-2016 01:26:59 UTC] register
[19-Feb-2016 01:26:59 UTC] index loaded
[19-Feb-2016 01:26:59 UTC] get
[19-Feb-2016 01:26:59 UTC] index loaded
[19-Feb-2016 01:26:59 UTC] get
[19-Feb-2016 01:27:00 UTC] index loaded
[19-Feb-2016 01:27:00 UTC] POST
[19-Feb-2016 01:27:00 UTC] register
[19-Feb-2016 01:27:00 UTC] index loaded
[19-Feb-2016 01:27:00 UTC] get
[19-Feb-2016 01:27:00 UTC] index loaded
[19-Feb-2016 01:27:00 UTC] get
[19-Feb-2016 01:27:00 UTC] index loaded
[19-Feb-2016 01:27:00 UTC] POST
[19-Feb-2016 01:27:00 UTC] register
[19-Feb-2016 01:27:00 UTC] index loaded
[19-Feb-2016 01:27:00 UTC] get
[19-Feb-2016 01:27:00 UTC] index loaded
[19-Feb-2016 01:27:00 UTC] get
[19-Feb-2016 01:27:00 UTC] index loaded
[19-Feb-2016 01:27:00 UTC] get
[19-Feb-2016 01:27:00 UTC] index loaded
[19-Feb-2016 01:27:00 UTC] POST
[19-Feb-2016 01:27:01 UTC] index loaded
[19-Feb-2016 01:27:01 UTC] get
[19-Feb-2016 01:27:01 UTC] index loaded
[19-Feb-2016 01:27:01 UTC] POST
[19-Feb-2016 01:27:01 UTC] register
[19-Feb-2016 01:27:01 UTC] index loaded
[19-Feb-2016 01:27:01 UTC] get
[19-Feb-2016 01:27:01 UTC] index loaded
[19-Feb-2016 01:27:01 UTC] get
[19-Feb-2016 01:27:01 UTC] index loaded
[19-Feb-2016 01:27:01 UTC] get
[19-Feb-2016 01:27:01 UTC] index loaded
[19-Feb-2016 01:27:01 UTC] get
[19-Feb-2016 01:27:01 UTC] index loaded
[19-Feb-2016 01:27:01 UTC] POST
[19-Feb-2016 01:27:02 UTC] index loaded
[19-Feb-2016 01:27:02 UTC] get
[19-Feb-2016 01:27:02 UTC] index loaded
[19-Feb-2016 01:27:02 UTC] get
[19-Feb-2016 01:27:02 UTC] index loaded
[19-Feb-2016 01:27:02 UTC] get
[19-Feb-2016 01:27:02 UTC] index loaded
[19-Feb-2016 01:27:02 UTC] get
[19-Feb-2016 01:27:12 UTC] index loaded
[19-Feb-2016 01:27:12 UTC] get
[19-Feb-2016 01:27:13 UTC] index loaded
[19-Feb-2016 01:27:13 UTC] get
[19-Feb-2016 01:27:13 UTC] index loaded
[19-Feb-2016 01:27:13 UTC] POST
[19-Feb-2016 01:27:13 UTC] index loaded
[19-Feb-2016 01:27:13 UTC] get
[19-Feb-2016 01:27:13 UTC] index loaded
[19-Feb-2016 01:27:13 UTC] POST
[19-Feb-2016 01:27:13 UTC] register
[19-Feb-2016 01:27:14 UTC] index loaded
[19-Feb-2016 01:27:14 UTC] get
[19-Feb-2016 01:27:14 UTC] index loaded
[19-Feb-2016 01:27:14 UTC] get
[19-Feb-2016 01:27:14 UTC] index loaded
[19-Feb-2016 01:27:14 UTC] POST
[19-Feb-2016 01:27:14 UTC] register
[19-Feb-2016 01:27:14 UTC] index loaded
[19-Feb-2016 01:27:14 UTC] get
[19-Feb-2016 01:27:14 UTC] index loaded
[19-Feb-2016 01:27:14 UTC] get
[19-Feb-2016 01:27:15 UTC] index loaded
[19-Feb-2016 01:27:15 UTC] POST
[19-Feb-2016 01:27:15 UTC] register
[19-Feb-2016 01:27:15 UTC] index loaded
[19-Feb-2016 01:27:15 UTC] get
[19-Feb-2016 01:27:15 UTC] index loaded
[19-Feb-2016 01:27:15 UTC] get
[19-Feb-2016 01:27:15 UTC] index loaded
[19-Feb-2016 01:27:15 UTC] POST
[19-Feb-2016 01:27:15 UTC] register
[19-Feb-2016 01:27:15 UTC] index loaded
[19-Feb-2016 01:27:15 UTC] get
[19-Feb-2016 01:27:15 UTC] index loaded
[19-Feb-2016 01:27:15 UTC] get
[19-Feb-2016 01:27:16 UTC] index loaded
[19-Feb-2016 01:27:16 UTC] POST
[19-Feb-2016 01:27:16 UTC] register
[19-Feb-2016 01:27:16 UTC] index loaded
[19-Feb-2016 01:27:16 UTC] get
[19-Feb-2016 01:27:16 UTC] index loaded
[19-Feb-2016 01:27:16 UTC] get
[19-Feb-2016 01:27:16 UTC] index loaded
[19-Feb-2016 01:27:16 UTC] POST
[19-Feb-2016 01:27:16 UTC] register
[19-Feb-2016 01:27:16 UTC] index loaded
[19-Feb-2016 01:27:16 UTC] get
[19-Feb-2016 01:27:17 UTC] index loaded
[19-Feb-2016 01:27:17 UTC] get
[19-Feb-2016 01:27:17 UTC] index loaded
[19-Feb-2016 01:27:17 UTC] POST
[19-Feb-2016 01:27:17 UTC] register
[19-Feb-2016 01:27:17 UTC] register valid
[19-Feb-2016 01:27:17 UTC] index loaded
[19-Feb-2016 01:27:17 UTC] get
[19-Feb-2016 01:27:17 UTC] index loaded
[19-Feb-2016 01:27:17 UTC] get
[19-Feb-2016 01:27:17 UTC] index loaded
[19-Feb-2016 01:27:17 UTC] get
[19-Feb-2016 01:27:17 UTC] index loaded
[19-Feb-2016 01:27:17 UTC] POST
[19-Feb-2016 01:27:17 UTC] register
[19-Feb-2016 01:27:18 UTC] index loaded
[19-Feb-2016 01:27:18 UTC] get
[19-Feb-2016 01:27:18 UTC] index loaded
[19-Feb-2016 01:27:18 UTC] POST
[19-Feb-2016 01:27:18 UTC] index loaded
[19-Feb-2016 01:27:18 UTC] get
[19-Feb-2016 01:27:18 UTC] index loaded
[19-Feb-2016 01:27:18 UTC] get
[19-Feb-2016 01:27:18 UTC] index loaded
[19-Feb-2016 01:27:18 UTC] get
[19-Feb-2016 01:27:19 UTC] index loaded
[19-Feb-2016 01:27:19 UTC] POST
[19-Feb-2016 01:27:19 UTC] register
[19-Feb-2016 01:27:19 UTC] register valid
[19-Feb-2016 01:27:19 UTC] index loaded
[19-Feb-2016 01:27:19 UTC] get
[19-Feb-2016 01:27:19 UTC] index loaded
[19-Feb-2016 01:27:19 UTC] get
[19-Feb-2016 01:27:19 UTC] index loaded
[19-Feb-2016 01:27:19 UTC] get
[19-Feb-2016 01:27:19 UTC] index loaded
[19-Feb-2016 01:27:19 UTC] POST
[19-Feb-2016 01:27:19 UTC] index loaded
[19-Feb-2016 01:27:19 UTC] get
[19-Feb-2016 01:27:19 UTC] index loaded
[19-Feb-2016 01:27:19 UTC] get
[19-Feb-2016 01:27:20 UTC] index loaded
[19-Feb-2016 01:27:20 UTC] get
[19-Feb-2016 01:27:20 UTC] index loaded
[19-Feb-2016 01:27:20 UTC] get
[19-Feb-2016 01:27:20 UTC] index loaded
[19-Feb-2016 01:27:20 UTC] POST
[19-Feb-2016 01:27:20 UTC] index loaded
[19-Feb-2016 01:27:20 UTC] get
[19-Feb-2016 01:27:20 UTC] index loaded
[19-Feb-2016 01:27:20 UTC] get
[19-Feb-2016 01:27:20 UTC] index loaded
[19-Feb-2016 01:27:20 UTC] get
[19-Feb-2016 01:27:21 UTC] index loaded
[19-Feb-2016 01:27:21 UTC] POST
[19-Feb-2016 01:27:21 UTC] index loaded
[19-Feb-2016 01:27:21 UTC] get
[19-Feb-2016 01:27:21 UTC] index loaded
[19-Feb-2016 01:27:21 UTC] get
[19-Feb-2016 01:27:21 UTC] index loaded
[19-Feb-2016 01:27:21 UTC] get
[19-Feb-2016 01:27:21 UTC] index loaded
[19-Feb-2016 01:27:21 UTC] POST
[19-Feb-2016 01:27:21 UTC] index loaded
[19-Feb-2016 01:27:21 UTC] get
[19-Feb-2016 01:27:22 UTC] index loaded
[19-Feb-2016 01:27:22 UTC] get
[19-Feb-2016 01:27:22 UTC] index loaded
[19-Feb-2016 01:27:22 UTC] get
[19-Feb-2016 01:27:22 UTC] index loaded
[19-Feb-2016 01:27:22 UTC] POST
[19-Feb-2016 01:27:22 UTC] index loaded
[19-Feb-2016 01:27:22 UTC] get
[19-Feb-2016 01:27:22 UTC] index loaded
[19-Feb-2016 01:27:22 UTC] get
[19-Feb-2016 01:27:22 UTC] index loaded
[19-Feb-2016 01:27:22 UTC] POST
[19-Feb-2016 01:27:22 UTC] index loaded
[19-Feb-2016 01:27:22 UTC] get
[19-Feb-2016 01:27:23 UTC] index loaded
[19-Feb-2016 01:27:23 UTC] get
[19-Feb-2016 01:27:23 UTC] index loaded
[19-Feb-2016 01:27:23 UTC] POST
[19-Feb-2016 01:27:23 UTC] index loaded
[19-Feb-2016 01:27:23 UTC] get
[19-Feb-2016 01:27:23 UTC] index loaded
[19-Feb-2016 01:27:23 UTC] get
[19-Feb-2016 01:27:23 UTC] index loaded
[19-Feb-2016 01:27:23 UTC] get
[19-Feb-2016 01:27:23 UTC] index loaded
[19-Feb-2016 01:27:23 UTC] POST
[19-Feb-2016 01:27:24 UTC] index loaded
[19-Feb-2016 01:27:24 UTC] get
[19-Feb-2016 01:27:24 UTC] index loaded
[19-Feb-2016 01:27:24 UTC] get
[19-Feb-2016 01:27:24 UTC] index loaded
[19-Feb-2016 01:27:24 UTC] get
[19-Feb-2016 01:27:24 UTC] index loaded
[19-Feb-2016 01:27:24 UTC] POST
[19-Feb-2016 01:27:24 UTC] index loaded
[19-Feb-2016 01:27:24 UTC] get
[19-Feb-2016 01:27:25 UTC] index loaded
[19-Feb-2016 01:27:25 UTC] get
[19-Feb-2016 01:27:25 UTC] index loaded
[19-Feb-2016 01:27:25 UTC] get
[19-Feb-2016 01:27:25 UTC] index loaded
[19-Feb-2016 01:27:25 UTC] POST
[19-Feb-2016 01:27:25 UTC] index loaded
[19-Feb-2016 01:27:25 UTC] get
[19-Feb-2016 01:27:25 UTC] index loaded
[19-Feb-2016 01:27:25 UTC] get
[19-Feb-2016 01:27:36 UTC] index loaded
[19-Feb-2016 01:27:36 UTC] get
[19-Feb-2016 01:27:37 UTC] index loaded
[19-Feb-2016 01:27:37 UTC] get
[19-Feb-2016 01:27:37 UTC] index loaded
[19-Feb-2016 01:27:37 UTC] POST
[19-Feb-2016 01:27:37 UTC] index loaded
[19-Feb-2016 01:27:37 UTC] get
[19-Feb-2016 01:27:37 UTC] index loaded
[19-Feb-2016 01:27:37 UTC] POST
[19-Feb-2016 01:27:37 UTC] register
[19-Feb-2016 01:27:37 UTC] index loaded
[19-Feb-2016 01:27:37 UTC] get
[19-Feb-2016 01:27:37 UTC] index loaded
[19-Feb-2016 01:27:37 UTC] get
[19-Feb-2016 01:27:38 UTC] index loaded
[19-Feb-2016 01:27:38 UTC] POST
[19-Feb-2016 01:27:38 UTC] register
[19-Feb-2016 01:27:38 UTC] index loaded
[19-Feb-2016 01:27:38 UTC] get
[19-Feb-2016 01:27:38 UTC] index loaded
[19-Feb-2016 01:27:38 UTC] get
[19-Feb-2016 01:27:38 UTC] index loaded
[19-Feb-2016 01:27:38 UTC] POST
[19-Feb-2016 01:27:38 UTC] register
[19-Feb-2016 01:27:38 UTC] index loaded
[19-Feb-2016 01:27:38 UTC] get
[19-Feb-2016 01:27:39 UTC] index loaded
[19-Feb-2016 01:27:39 UTC] get
[19-Feb-2016 01:27:39 UTC] index loaded
[19-Feb-2016 01:27:39 UTC] POST
[19-Feb-2016 01:27:39 UTC] register
[19-Feb-2016 01:27:39 UTC] index loaded
[19-Feb-2016 01:27:39 UTC] get
[19-Feb-2016 01:27:39 UTC] index loaded
[19-Feb-2016 01:27:39 UTC] get
[19-Feb-2016 01:27:39 UTC] index loaded
[19-Feb-2016 01:27:39 UTC] POST
[19-Feb-2016 01:27:39 UTC] register
[19-Feb-2016 01:27:39 UTC] index loaded
[19-Feb-2016 01:27:39 UTC] get
[19-Feb-2016 01:27:40 UTC] index loaded
[19-Feb-2016 01:27:40 UTC] get
[19-Feb-2016 01:27:40 UTC] index loaded
[19-Feb-2016 01:27:40 UTC] POST
[19-Feb-2016 01:27:40 UTC] register
[19-Feb-2016 01:27:40 UTC] index loaded
[19-Feb-2016 01:27:40 UTC] get
[19-Feb-2016 01:27:40 UTC] index loaded
[19-Feb-2016 01:27:40 UTC] get
[19-Feb-2016 01:27:40 UTC] index loaded
[19-Feb-2016 01:27:40 UTC] POST
[19-Feb-2016 01:27:40 UTC] register
[19-Feb-2016 01:27:40 UTC] register valid
[19-Feb-2016 01:27:40 UTC] index loaded
[19-Feb-2016 01:27:40 UTC] get
[19-Feb-2016 01:27:41 UTC] index loaded
[19-Feb-2016 01:27:41 UTC] get
[19-Feb-2016 01:27:41 UTC] index loaded
[19-Feb-2016 01:27:41 UTC] get
[19-Feb-2016 01:27:41 UTC] index loaded
[19-Feb-2016 01:27:41 UTC] POST
[19-Feb-2016 01:27:41 UTC] register
[19-Feb-2016 01:27:41 UTC] index loaded
[19-Feb-2016 01:27:41 UTC] get
[19-Feb-2016 01:27:41 UTC] index loaded
[19-Feb-2016 01:27:41 UTC] POST
[19-Feb-2016 01:27:42 UTC] index loaded
[19-Feb-2016 01:27:42 UTC] get
[19-Feb-2016 01:27:42 UTC] index loaded
[19-Feb-2016 01:27:42 UTC] POST
[19-Feb-2016 01:27:42 UTC] register
[19-Feb-2016 01:27:42 UTC] register valid
[19-Feb-2016 01:27:42 UTC] index loaded
[19-Feb-2016 01:27:42 UTC] get
[19-Feb-2016 01:27:42 UTC] index loaded
[19-Feb-2016 01:27:42 UTC] get
[19-Feb-2016 01:27:42 UTC] index loaded
[19-Feb-2016 01:27:42 UTC] get
[19-Feb-2016 01:27:42 UTC] index loaded
[19-Feb-2016 01:27:42 UTC] POST
[19-Feb-2016 01:27:42 UTC] register
[19-Feb-2016 01:27:42 UTC] register valid
[19-Feb-2016 01:27:42 UTC] index loaded
[19-Feb-2016 01:27:42 UTC] get
[19-Feb-2016 01:27:43 UTC] index loaded
[19-Feb-2016 01:27:43 UTC] get
[19-Feb-2016 01:27:43 UTC] index loaded
[19-Feb-2016 01:27:43 UTC] get
[19-Feb-2016 01:27:43 UTC] index loaded
[19-Feb-2016 01:27:43 UTC] POST
[19-Feb-2016 01:27:43 UTC] index loaded
[19-Feb-2016 01:27:43 UTC] get
[19-Feb-2016 01:27:43 UTC] index loaded
[19-Feb-2016 01:27:43 UTC] get
[19-Feb-2016 01:27:43 UTC] index loaded
[19-Feb-2016 01:27:43 UTC] get
[19-Feb-2016 01:27:44 UTC] index loaded
[19-Feb-2016 01:27:44 UTC] get
[19-Feb-2016 01:27:44 UTC] index loaded
[19-Feb-2016 01:27:44 UTC] POST
[19-Feb-2016 01:27:44 UTC] index loaded
[19-Feb-2016 01:27:44 UTC] get
[19-Feb-2016 01:27:44 UTC] index loaded
[19-Feb-2016 01:27:44 UTC] get
[19-Feb-2016 01:27:44 UTC] index loaded
[19-Feb-2016 01:27:44 UTC] get
[19-Feb-2016 01:27:44 UTC] index loaded
[19-Feb-2016 01:27:44 UTC] POST
[19-Feb-2016 01:27:44 UTC] index loaded
[19-Feb-2016 01:27:44 UTC] get
[19-Feb-2016 01:27:45 UTC] index loaded
[19-Feb-2016 01:27:45 UTC] get
[19-Feb-2016 01:27:45 UTC] index loaded
[19-Feb-2016 01:27:45 UTC] get
[19-Feb-2016 01:27:45 UTC] index loaded
[19-Feb-2016 01:27:45 UTC] POST
[19-Feb-2016 01:27:45 UTC] index loaded
[19-Feb-2016 01:27:45 UTC] get
[19-Feb-2016 01:27:46 UTC] index loaded
[19-Feb-2016 01:27:46 UTC] get
[19-Feb-2016 01:27:46 UTC] index loaded
[19-Feb-2016 01:27:46 UTC] get
[19-Feb-2016 01:27:46 UTC] index loaded
[19-Feb-2016 01:27:46 UTC] POST
[19-Feb-2016 01:27:46 UTC] index loaded
[19-Feb-2016 01:27:46 UTC] get
[19-Feb-2016 01:27:46 UTC] index loaded
[19-Feb-2016 01:27:46 UTC] get
[19-Feb-2016 01:27:46 UTC] index loaded
[19-Feb-2016 01:27:46 UTC] POST
[19-Feb-2016 01:27:46 UTC] index loaded
[19-Feb-2016 01:27:46 UTC] get
[19-Feb-2016 01:27:46 UTC] index loaded
[19-Feb-2016 01:27:46 UTC] get
[19-Feb-2016 01:27:47 UTC] index loaded
[19-Feb-2016 01:27:47 UTC] POST
[19-Feb-2016 01:27:47 UTC] index loaded
[19-Feb-2016 01:27:47 UTC] get
[19-Feb-2016 01:27:47 UTC] index loaded
[19-Feb-2016 01:27:47 UTC] get
[19-Feb-2016 01:27:47 UTC] index loaded
[19-Feb-2016 01:27:47 UTC] get
[19-Feb-2016 01:27:47 UTC] index loaded
[19-Feb-2016 01:27:47 UTC] POST
[19-Feb-2016 01:27:47 UTC] index loaded
[19-Feb-2016 01:27:47 UTC] get
[19-Feb-2016 01:27:48 UTC] index loaded
[19-Feb-2016 01:27:48 UTC] get
[19-Feb-2016 01:27:48 UTC] index loaded
[19-Feb-2016 01:27:48 UTC] get
[19-Feb-2016 01:27:48 UTC] index loaded
[19-Feb-2016 01:27:48 UTC] POST
[19-Feb-2016 01:27:48 UTC] index loaded
[19-Feb-2016 01:27:48 UTC] get
[19-Feb-2016 01:27:48 UTC] index loaded
[19-Feb-2016 01:27:48 UTC] get
[19-Feb-2016 01:27:49 UTC] index loaded
[19-Feb-2016 01:27:49 UTC] get
[19-Feb-2016 01:27:49 UTC] index loaded
[19-Feb-2016 01:27:49 UTC] POST
[19-Feb-2016 01:27:49 UTC] index loaded
[19-Feb-2016 01:27:49 UTC] get
[19-Feb-2016 01:27:49 UTC] index loaded
[19-Feb-2016 01:27:49 UTC] get
[19-Feb-2016 01:28:01 UTC] index loaded
[19-Feb-2016 01:28:01 UTC] get
[19-Feb-2016 01:28:01 UTC] index loaded
[19-Feb-2016 01:28:01 UTC] get
[19-Feb-2016 01:28:02 UTC] index loaded
[19-Feb-2016 01:28:02 UTC] get
[19-Feb-2016 01:28:02 UTC] index loaded
[19-Feb-2016 01:28:02 UTC] POST
[19-Feb-2016 01:28:02 UTC] register
[19-Feb-2016 01:28:02 UTC] index loaded
[19-Feb-2016 01:28:02 UTC] get
[19-Feb-2016 01:28:02 UTC] index loaded
[19-Feb-2016 01:28:02 UTC] get
[19-Feb-2016 01:28:02 UTC] index loaded
[19-Feb-2016 01:28:02 UTC] POST
[19-Feb-2016 01:28:02 UTC] register
[19-Feb-2016 01:28:02 UTC] index loaded
[19-Feb-2016 01:28:02 UTC] get
[19-Feb-2016 01:28:02 UTC] index loaded
[19-Feb-2016 01:28:02 UTC] get
[19-Feb-2016 01:28:02 UTC] index loaded
[19-Feb-2016 01:28:02 UTC] POST
[19-Feb-2016 01:28:02 UTC] register
[19-Feb-2016 01:28:03 UTC] index loaded
[19-Feb-2016 01:28:03 UTC] get
[19-Feb-2016 01:28:03 UTC] index loaded
[19-Feb-2016 01:28:03 UTC] get
[19-Feb-2016 01:28:03 UTC] index loaded
[19-Feb-2016 01:28:03 UTC] POST
[19-Feb-2016 01:28:03 UTC] register
[19-Feb-2016 01:28:03 UTC] index loaded
[19-Feb-2016 01:28:03 UTC] get
[19-Feb-2016 01:28:03 UTC] index loaded
[19-Feb-2016 01:28:03 UTC] get
[19-Feb-2016 01:28:03 UTC] index loaded
[19-Feb-2016 01:28:03 UTC] POST
[19-Feb-2016 01:28:03 UTC] register
[19-Feb-2016 01:28:03 UTC] index loaded
[19-Feb-2016 01:28:03 UTC] get
[19-Feb-2016 01:28:03 UTC] index loaded
[19-Feb-2016 01:28:03 UTC] get
[19-Feb-2016 01:28:04 UTC] index loaded
[19-Feb-2016 01:28:04 UTC] POST
[19-Feb-2016 01:28:04 UTC] register
[19-Feb-2016 01:28:04 UTC] index loaded
[19-Feb-2016 01:28:04 UTC] get
[19-Feb-2016 01:28:04 UTC] index loaded
[19-Feb-2016 01:28:04 UTC] get
[19-Feb-2016 01:28:04 UTC] index loaded
[19-Feb-2016 01:28:04 UTC] POST
[19-Feb-2016 01:28:04 UTC] register
[19-Feb-2016 01:28:04 UTC] index loaded
[19-Feb-2016 01:28:04 UTC] get
[19-Feb-2016 01:28:04 UTC] index loaded
[19-Feb-2016 01:28:04 UTC] get
[19-Feb-2016 01:28:04 UTC] index loaded
[19-Feb-2016 01:28:04 UTC] get
[19-Feb-2016 01:28:05 UTC] index loaded
[19-Feb-2016 01:28:05 UTC] POST
[19-Feb-2016 01:28:05 UTC] index loaded
[19-Feb-2016 01:28:05 UTC] get
[19-Feb-2016 01:28:05 UTC] index loaded
[19-Feb-2016 01:28:05 UTC] get
[19-Feb-2016 01:28:05 UTC] index loaded
[19-Feb-2016 01:28:05 UTC] get
[19-Feb-2016 01:28:05 UTC] index loaded
[19-Feb-2016 01:28:05 UTC] get
[19-Feb-2016 01:28:05 UTC] index loaded
[19-Feb-2016 01:28:05 UTC] get
[19-Feb-2016 01:28:05 UTC] index loaded
[19-Feb-2016 01:28:05 UTC] POST
[19-Feb-2016 01:28:06 UTC] index loaded
[19-Feb-2016 01:28:06 UTC] get
[19-Feb-2016 01:28:06 UTC] index loaded
[19-Feb-2016 01:28:06 UTC] get
[19-Feb-2016 01:28:06 UTC] index loaded
[19-Feb-2016 01:28:06 UTC] get
[19-Feb-2016 01:28:06 UTC] index loaded
[19-Feb-2016 01:28:06 UTC] get
[19-Feb-2016 01:28:06 UTC] index loaded
[19-Feb-2016 01:28:06 UTC] get
[19-Feb-2016 01:28:06 UTC] index loaded
[19-Feb-2016 01:28:06 UTC] get
[19-Feb-2016 01:28:06 UTC] index loaded
[19-Feb-2016 01:28:06 UTC] get
[19-Feb-2016 01:28:07 UTC] index loaded
[19-Feb-2016 01:28:07 UTC] get
[19-Feb-2016 01:28:07 UTC] index loaded
[19-Feb-2016 01:28:07 UTC] get
[19-Feb-2016 01:28:07 UTC] index loaded
[19-Feb-2016 01:28:07 UTC] get
[19-Feb-2016 01:28:07 UTC] index loaded
[19-Feb-2016 01:28:07 UTC] get
[19-Feb-2016 01:28:07 UTC] index loaded
[19-Feb-2016 01:28:07 UTC] get
[19-Feb-2016 01:28:07 UTC] index loaded
[19-Feb-2016 01:28:07 UTC] get
[19-Feb-2016 01:28:07 UTC] index loaded
[19-Feb-2016 01:28:07 UTC] get
[19-Feb-2016 01:28:08 UTC] index loaded
[19-Feb-2016 01:28:08 UTC] get
[19-Feb-2016 01:28:08 UTC] index loaded
[19-Feb-2016 01:28:08 UTC] get
[19-Feb-2016 01:28:08 UTC] index loaded
[19-Feb-2016 01:28:08 UTC] get
[19-Feb-2016 01:28:08 UTC] index loaded
[19-Feb-2016 01:28:08 UTC] POST
[19-Feb-2016 01:28:08 UTC] index loaded
[19-Feb-2016 01:28:08 UTC] get
[19-Feb-2016 01:28:08 UTC] index loaded
[19-Feb-2016 01:28:08 UTC] get
[19-Feb-2016 01:28:08 UTC] index loaded
[19-Feb-2016 01:28:08 UTC] POST
[19-Feb-2016 01:28:09 UTC] index loaded
[19-Feb-2016 01:28:09 UTC] get
[19-Feb-2016 01:28:09 UTC] index loaded
[19-Feb-2016 01:28:09 UTC] get
[19-Feb-2016 01:28:09 UTC] index loaded
[19-Feb-2016 01:28:09 UTC] POST
[19-Feb-2016 01:28:09 UTC] index loaded
[19-Feb-2016 01:28:09 UTC] get
[19-Feb-2016 01:28:09 UTC] index loaded
[19-Feb-2016 01:28:09 UTC] get
[19-Feb-2016 01:28:09 UTC] index loaded
[19-Feb-2016 01:28:09 UTC] POST
[19-Feb-2016 01:28:10 UTC] index loaded
[19-Feb-2016 01:28:10 UTC] get
[19-Feb-2016 01:28:32 UTC] index loaded
[19-Feb-2016 01:28:32 UTC] get
[19-Feb-2016 01:28:35 UTC] index loaded
[19-Feb-2016 01:28:35 UTC] POST
[19-Feb-2016 01:28:42 UTC] index loaded
[19-Feb-2016 01:28:42 UTC] POST
[19-Feb-2016 01:33:10 UTC] index loaded
[19-Feb-2016 01:33:10 UTC] POST
[19-Feb-2016 01:33:11 UTC] index loaded
[19-Feb-2016 01:33:11 UTC] POST
[19-Feb-2016 01:33:12 UTC] index loaded
[19-Feb-2016 01:33:12 UTC] get
[19-Feb-2016 01:33:14 UTC] index loaded
[19-Feb-2016 01:33:14 UTC] get
[19-Feb-2016 01:33:29 UTC] index loaded
[19-Feb-2016 01:33:29 UTC] get
[19-Feb-2016 01:33:30 UTC] index loaded
[19-Feb-2016 01:33:30 UTC] get
[19-Feb-2016 01:33:30 UTC] index loaded
[19-Feb-2016 01:33:30 UTC] get
[19-Feb-2016 01:33:30 UTC] index loaded
[19-Feb-2016 01:33:30 UTC] POST
[19-Feb-2016 01:33:30 UTC] register
[19-Feb-2016 01:33:30 UTC] index loaded
[19-Feb-2016 01:33:30 UTC] get
[19-Feb-2016 01:33:30 UTC] index loaded
[19-Feb-2016 01:33:30 UTC] get
[19-Feb-2016 01:33:30 UTC] index loaded
[19-Feb-2016 01:33:30 UTC] POST
[19-Feb-2016 01:33:30 UTC] register
[19-Feb-2016 01:33:31 UTC] index loaded
[19-Feb-2016 01:33:31 UTC] get
[19-Feb-2016 01:33:31 UTC] index loaded
[19-Feb-2016 01:33:31 UTC] get
[19-Feb-2016 01:33:31 UTC] index loaded
[19-Feb-2016 01:33:31 UTC] POST
[19-Feb-2016 01:33:31 UTC] register
[19-Feb-2016 01:33:31 UTC] index loaded
[19-Feb-2016 01:33:31 UTC] get
[19-Feb-2016 01:33:31 UTC] index loaded
[19-Feb-2016 01:33:31 UTC] get
[19-Feb-2016 01:33:31 UTC] index loaded
[19-Feb-2016 01:33:31 UTC] POST
[19-Feb-2016 01:33:31 UTC] register
[19-Feb-2016 01:33:31 UTC] index loaded
[19-Feb-2016 01:33:31 UTC] get
[19-Feb-2016 01:33:31 UTC] index loaded
[19-Feb-2016 01:33:31 UTC] get
[19-Feb-2016 01:33:32 UTC] index loaded
[19-Feb-2016 01:33:32 UTC] POST
[19-Feb-2016 01:33:32 UTC] register
[19-Feb-2016 01:34:55 UTC] index loaded
[19-Feb-2016 01:34:55 UTC] get
[19-Feb-2016 01:35:09 UTC] index loaded
[19-Feb-2016 01:35:09 UTC] get
[19-Feb-2016 01:35:09 UTC] index loaded
[19-Feb-2016 01:35:09 UTC] get
[19-Feb-2016 01:35:09 UTC] index loaded
[19-Feb-2016 01:35:09 UTC] get
[19-Feb-2016 01:35:09 UTC] index loaded
[19-Feb-2016 01:35:09 UTC] POST
[19-Feb-2016 01:35:09 UTC] register
[19-Feb-2016 01:35:09 UTC] index loaded
[19-Feb-2016 01:35:09 UTC] get
[19-Feb-2016 01:35:09 UTC] index loaded
[19-Feb-2016 01:35:09 UTC] get
[19-Feb-2016 01:35:10 UTC] index loaded
[19-Feb-2016 01:35:10 UTC] POST
[19-Feb-2016 01:35:10 UTC] register
[19-Feb-2016 01:35:10 UTC] index loaded
[19-Feb-2016 01:35:10 UTC] get
[19-Feb-2016 01:35:10 UTC] index loaded
[19-Feb-2016 01:35:10 UTC] get
[19-Feb-2016 01:35:10 UTC] index loaded
[19-Feb-2016 01:35:10 UTC] POST
[19-Feb-2016 01:35:10 UTC] register
[19-Feb-2016 01:35:10 UTC] index loaded
[19-Feb-2016 01:35:10 UTC] get
[19-Feb-2016 01:35:10 UTC] index loaded
[19-Feb-2016 01:35:10 UTC] get
[19-Feb-2016 01:36:00 UTC] index loaded
[19-Feb-2016 01:36:00 UTC] get
[19-Feb-2016 01:36:12 UTC] index loaded
[19-Feb-2016 01:36:12 UTC] get
[19-Feb-2016 01:36:12 UTC] index loaded
[19-Feb-2016 01:36:12 UTC] get
[19-Feb-2016 01:36:13 UTC] index loaded
[19-Feb-2016 01:36:13 UTC] get
[19-Feb-2016 01:36:13 UTC] index loaded
[19-Feb-2016 01:36:13 UTC] POST
[19-Feb-2016 01:36:13 UTC] register
[19-Feb-2016 01:36:13 UTC] index loaded
[19-Feb-2016 01:36:13 UTC] get
[19-Feb-2016 01:36:13 UTC] index loaded
[19-Feb-2016 01:36:13 UTC] get
[19-Feb-2016 01:36:13 UTC] index loaded
[19-Feb-2016 01:36:13 UTC] POST
[19-Feb-2016 01:36:13 UTC] register
[19-Feb-2016 01:36:13 UTC] index loaded
[19-Feb-2016 01:36:13 UTC] get
[19-Feb-2016 01:36:13 UTC] index loaded
[19-Feb-2016 01:36:13 UTC] get
[19-Feb-2016 01:36:13 UTC] index loaded
[19-Feb-2016 01:36:13 UTC] POST
[19-Feb-2016 01:36:13 UTC] register
[19-Feb-2016 01:36:14 UTC] index loaded
[19-Feb-2016 01:36:14 UTC] get
[19-Feb-2016 01:36:14 UTC] index loaded
[19-Feb-2016 01:36:14 UTC] get
[19-Feb-2016 01:36:14 UTC] index loaded
[19-Feb-2016 01:36:14 UTC] POST
[19-Feb-2016 01:36:14 UTC] register
[19-Feb-2016 01:36:14 UTC] index loaded
[19-Feb-2016 01:36:14 UTC] get
[19-Feb-2016 01:36:53 UTC] index loaded
[19-Feb-2016 01:36:53 UTC] get
[19-Feb-2016 01:37:03 UTC] index loaded
[19-Feb-2016 01:37:03 UTC] get
[19-Feb-2016 01:37:08 UTC] index loaded
[19-Feb-2016 01:37:08 UTC] POST
[19-Feb-2016 01:37:13 UTC] index loaded
[19-Feb-2016 01:37:13 UTC] POST
[19-Feb-2016 01:37:13 UTC] register
[19-Feb-2016 01:45:53 UTC] index loaded
[19-Feb-2016 01:45:53 UTC] get
[19-Feb-2016 01:45:55 UTC] index loaded
[19-Feb-2016 01:45:55 UTC] POST
[19-Feb-2016 01:45:55 UTC] index loaded
[19-Feb-2016 01:45:55 UTC] get
[19-Feb-2016 01:45:58 UTC] index loaded
[19-Feb-2016 01:45:58 UTC] POST
[19-Feb-2016 01:45:58 UTC] index loaded
[19-Feb-2016 01:45:58 UTC] get
[19-Feb-2016 02:30:21 UTC] index loaded
[19-Feb-2016 02:30:21 UTC] get
